[0328/012110:ERROR:process_info.cc(608)] range at 0xfffde000, size 0x230 fully unreadable
[0328/012110:ERROR:process_reader_win.cc(113)] NtOpenThread: {Access Denied} A process has requested access to an object, but has not been granted those access rights.  (0xc0000022)
[0328/012110:ERROR:exception_snapshot_win.cc(56)] thread ID 1984 not found in process
[0328/012110:WARNING:crash_report_exception_handler.cc(60)] ProcessSnapshotWin::InitializeException failed
[0404/133714:ERROR:process_info.cc(608)] range at 0xfffde000, size 0x230 fully unreadable
[0404/133714:ERROR:process_reader_win.cc(113)] NtOpenThread: {Access Denied} A process has requested access to an object, but has not been granted those access rights.  (0xc0000022)
[0404/133714:ERROR:exception_snapshot_win.cc(56)] thread ID 7936 not found in process
[0404/133714:WARNING:crash_report_exception_handler.cc(60)] ProcessSnapshotWin::InitializeException failed
[0405/194622:ERROR:process_info.cc(608)] range at 0xfffde000, size 0x230 fully unreadable
[0405/194622:ERROR:process_reader_win.cc(113)] NtOpenThread: {Access Denied} A process has requested access to an object, but has not been granted those access rights.  (0xc0000022)
[0405/194622:ERROR:exception_snapshot_win.cc(56)] thread ID 6984 not found in process
[0405/194622:WARNING:crash_report_exception_handler.cc(60)] ProcessSnapshotWin::InitializeException failed
[0413/121654:ERROR:process_info.cc(608)] range at 0xfffde000, size 0x230 fully unreadable
[0413/121654:ERROR:process_reader_win.cc(113)] NtOpenThread: {Access Denied} A process has requested access to an object, but has not been granted those access rights.  (0xc0000022)
[0413/121654:ERROR:exception_snapshot_win.cc(56)] thread ID 9944 not found in process
[0413/121654:WARNING:crash_report_exception_handler.cc(60)] ProcessSnapshotWin::InitializeException failed
[0413/203952:ERROR:process_info.cc(608)] range at 0xfffde000, size 0x230 fully unreadable
[0413/203952:ERROR:process_reader_win.cc(113)] NtOpenThread: {Access Denied} A process has requested access to an object, but has not been granted those access rights.  (0xc0000022)
[0413/203952:ERROR:exception_snapshot_win.cc(56)] thread ID 10008 not found in process
[0413/203952:WARNING:crash_report_exception_handler.cc(60)] ProcessSnapshotWin::InitializeException failed
[0414/190923:ERROR:process_info.cc(608)] range at 0xfffde000, size 0x230 fully unreadable
[0414/190923:ERROR:process_reader_win.cc(113)] NtOpenThread: {Access Denied} A process has requested access to an object, but has not been granted those access rights.  (0xc0000022)
[0414/190923:ERROR:exception_snapshot_win.cc(56)] thread ID 9652 not found in process
[0414/190923:WARNING:crash_report_exception_handler.cc(60)] ProcessSnapshotWin::InitializeException failed
[0415/155005:ERROR:process_info.cc(608)] range at 0xfffde000, size 0x230 fully unreadable
[0415/155005:ERROR:process_reader_win.cc(113)] NtOpenThread: {Access Denied} A process has requested access to an object, but has not been granted those access rights.  (0xc0000022)
[0415/155005:ERROR:exception_snapshot_win.cc(56)] thread ID 10032 not found in process
[0415/155005:WARNING:crash_report_exception_handler.cc(60)] ProcessSnapshotWin::InitializeException failed
[0418/222527:ERROR:process_info.cc(608)] range at 0xfffde000, size 0x230 fully unreadable
[0418/222527:ERROR:process_reader_win.cc(113)] NtOpenThread: {Access Denied} A process has requested access to an object, but has not been granted those access rights.  (0xc0000022)
[0418/222527:ERROR:exception_snapshot_win.cc(56)] thread ID 11012 not found in process
[0418/222527:WARNING:crash_report_exception_handler.cc(60)] ProcessSnapshotWin::InitializeException failed
[0503/182545:ERROR:process_info.cc(608)] range at 0xfffde000, size 0x230 fully unreadable
[0503/182545:ERROR:process_reader_win.cc(113)] NtOpenThread: {Access Denied} A process has requested access to an object, but has not been granted those access rights.  (0xc0000022)
[0503/182545:ERROR:exception_snapshot_win.cc(56)] thread ID 8556 not found in process
[0503/182545:WARNING:crash_report_exception_handler.cc(60)] ProcessSnapshotWin::InitializeException failed
[0503/183051:ERROR:process_info.cc(608)] range at 0xfffde000, size 0x230 fully unreadable
[0503/183051:ERROR:process_reader_win.cc(113)] NtOpenThread: {Access Denied} A process has requested access to an object, but has not been granted those access rights.  (0xc0000022)
[0503/183051:ERROR:exception_snapshot_win.cc(56)] thread ID 2256 not found in process
[0503/183051:WARNING:crash_report_exception_handler.cc(60)] ProcessSnapshotWin::InitializeException failed
[0503/183633:ERROR:process_info.cc(608)] range at 0xfffde000, size 0x230 fully unreadable
[0503/183633:ERROR:process_reader_win.cc(113)] NtOpenThread: {Access Denied} A process has requested access to an object, but has not been granted those access rights.  (0xc0000022)
[0503/183633:ERROR:exception_snapshot_win.cc(56)] thread ID 6076 not found in process
[0503/183633:WARNING:crash_report_exception_handler.cc(60)] ProcessSnapshotWin::InitializeException failed
[0503/213201:ERROR:process_info.cc(608)] range at 0xfffde000, size 0x230 fully unreadable
[0503/213201:ERROR:process_reader_win.cc(113)] NtOpenThread: {Access Denied} A process has requested access to an object, but has not been granted those access rights.  (0xc0000022)
[0503/213201:ERROR:exception_snapshot_win.cc(56)] thread ID 3048 not found in process
[0503/213201:WARNING:crash_report_exception_handler.cc(60)] ProcessSnapshotWin::InitializeException failed
[0504/182105:ERROR:process_info.cc(608)] range at 0xfffde000, size 0x230 fully unreadable
[0504/182105:ERROR:process_reader_win.cc(113)] NtOpenThread: {Access Denied} A process has requested access to an object, but has not been granted those access rights.  (0xc0000022)
[0504/182105:ERROR:exception_snapshot_win.cc(56)] thread ID 5068 not found in process
[0504/182105:WARNING:crash_report_exception_handler.cc(60)] ProcessSnapshotWin::InitializeException failed
[0504/182302:ERROR:process_info.cc(608)] range at 0xfffde000, size 0x230 fully unreadable
[0504/182302:ERROR:process_reader_win.cc(113)] NtOpenThread: {Access Denied} A process has requested access to an object, but has not been granted those access rights.  (0xc0000022)
[0504/182302:ERROR:exception_snapshot_win.cc(56)] thread ID 8908 not found in process
[0504/182302:WARNING:crash_report_exception_handler.cc(60)] ProcessSnapshotWin::InitializeException failed
[0506/173518:ERROR:process_info.cc(608)] range at 0xfffde000, size 0x230 fully unreadable
[0506/173518:ERROR:process_reader_win.cc(113)] NtOpenThread: {Access Denied} A process has requested access to an object, but has not been granted those access rights.  (0xc0000022)
[0506/173518:ERROR:exception_snapshot_win.cc(56)] thread ID 9236 not found in process
[0506/173518:WARNING:crash_report_exception_handler.cc(60)] ProcessSnapshotWin::InitializeException failed
[0509/161623:ERROR:scoped_process_suspend.cc(29)] NtSuspendProcess, ntstatus=-1073741558
[0509/161623:ERROR:process_info.cc(103)] ReadProcessMemory bool __cdecl crashpad::`anonymous-namespace'::ReadStruct<struct crashpad::process_types::PEB<struct crashpad::process_types::internal::Traits32>>(void *,unsigned __int64,struct crashpad::process_types::PEB<struct crashpad::process_types::internal::Traits32> *): Only part of a ReadProcessMemory or WriteProcessMemory request was completed. (0x12B)
[0509/161623:ERROR:process_info.cc(542)] ReadProcessData failed
[0509/161623:ERROR:process_info.cc(608)] range at 0x0, size 0x230 fully unreadable
[0509/161623:ERROR:process_reader_win.cc(232)] ReadMemory at 0x0 of 560 bytes failed: Only part of a ReadProcessMemory or WriteProcessMemory request was completed. (0x12B)
[0509/161623:ERROR:process_snapshot_win.cc(271)] ReadMemory PEB
[0509/161623:ERROR:process_reader_win.cc(98)] process 9232 not found
[0509/161623:ERROR:process_reader_win.cc(232)] ReadMemory at 0xbdc154 of 12 bytes failed: Only part of a ReadProcessMemory or WriteProcessMemory request was completed. (0x12B)
[0509/161623:WARNING:process_snapshot_win.cc(89)] ReadMemory ExceptionInformation failed
[0509/161623:WARNING:crash_report_exception_handler.cc(60)] ProcessSnapshotWin::InitializeException failed
[0509/161623:ERROR:scoped_process_suspend.cc(38)] NtResumeProcess, ntstatus=-1073741558
[0509/161904:ERROR:process_info.cc(608)] range at 0xfffde000, size 0x230 fully unreadable
[0509/161904:ERROR:process_reader_win.cc(82)] NtQuerySystemInformation: {Not Enough Quota} Not enough virtual memory or paging file quota is available to complete the specified operation.  (0xc0000017)
[0509/161904:ERROR:exception_snapshot_win.cc(56)] thread ID 2724 not found in process
[0509/161904:WARNING:crash_report_exception_handler.cc(60)] ProcessSnapshotWin::InitializeException failed
[0509/161904:ERROR:process_info.cc(608)] range at 0xfffde000, size 0x230 fully unreadable
[0509/161904:ERROR:process_info.cc(608)] range at 0xfffdd000, size 0xf84 fully unreadable
[0509/161904:ERROR:process_info.cc(608)] range at 0xfffda000, size 0xf84 fully unreadable
[0509/161904:ERROR:process_info.cc(608)] range at 0xfffd7000, size 0xf84 fully unreadable
[0509/161904:ERROR:process_info.cc(608)] range at 0xfffa6000, size 0xf84 fully unreadable
[0509/161904:ERROR:process_info.cc(608)] range at 0xfffa3000, size 0xf84 fully unreadable
[0509/161904:ERROR:process_info.cc(608)] range at 0xfffa0000, size 0xf84 fully unreadable
[0509/161904:ERROR:process_info.cc(608)] range at 0xfffa9000, size 0xf84 fully unreadable
[0509/161904:ERROR:process_info.cc(608)] range at 0xfff9d000, size 0xf84 fully unreadable
[0509/161904:ERROR:process_info.cc(608)] range at 0xfff9a000, size 0xf84 fully unreadable
[0509/161904:ERROR:process_info.cc(608)] range at 0xfff97000, size 0xf84 fully unreadable
[0509/161904:ERROR:process_info.cc(608)] range at 0xfff94000, size 0xf84 fully unreadable
[0509/161904:ERROR:process_info.cc(608)] range at 0xfff91000, size 0xf84 fully unreadable
[0509/161904:ERROR:process_info.cc(608)] range at 0xfff8e000, size 0xf84 fully unreadable
[0509/161904:ERROR:process_info.cc(608)] range at 0xfff8b000, size 0xf84 fully unreadable
[0509/161904:ERROR:process_info.cc(608)] range at 0xfff88000, size 0xf84 fully unreadable
[0509/161904:ERROR:process_info.cc(608)] range at 0xfff85000, size 0xf84 fully unreadable
[0509/161904:ERROR:process_info.cc(608)] range at 0xfff82000, size 0xf84 fully unreadable
[0509/161904:ERROR:process_info.cc(608)] range at 0xfff7f000, size 0xf84 fully unreadable
[0509/161904:ERROR:process_info.cc(608)] range at 0xfff7c000, size 0xf84 fully unreadable
[0509/161904:ERROR:process_info.cc(608)] range at 0xfff79000, size 0xf84 fully unreadable
[0509/161904:ERROR:process_info.cc(608)] range at 0xfff76000, size 0xf84 fully unreadable
[0509/161904:ERROR:process_info.cc(608)] range at 0xfff73000, size 0xf84 fully unreadable
[0509/161904:ERROR:process_info.cc(608)] range at 0xfff70000, size 0xf84 fully unreadable
[0509/161904:ERROR:process_info.cc(608)] range at 0xfff6d000, size 0xf84 fully unreadable
[0509/161904:ERROR:process_info.cc(608)] range at 0xfff64000, size 0xf84 fully unreadable
[0509/161904:ERROR:process_info.cc(608)] range at 0xfff67000, size 0xf84 fully unreadable
[0509/161904:ERROR:process_info.cc(608)] range at 0xfff61000, size 0xf84 fully unreadable
[0509/161904:ERROR:process_info.cc(608)] range at 0xfff5e000, size 0xf84 fully unreadable
[0509/161904:ERROR:process_info.cc(608)] range at 0xfffaf000, size 0xf84 fully unreadable
[0509/172049:ERROR:process_info.cc(608)] range at 0xfffde000, size 0x230 fully unreadable
[0509/172049:ERROR:process_info.cc(608)] range at 0xfffdd000, size 0xf84 fully unreadable
[0509/172049:ERROR:process_info.cc(608)] range at 0xfffda000, size 0xf84 fully unreadable
[0509/172049:ERROR:process_info.cc(608)] range at 0xfffd7000, size 0xf84 fully unreadable
[0509/172049:ERROR:process_info.cc(608)] range at 0xfffaf000, size 0xf84 fully unreadable
[0509/172049:ERROR:process_info.cc(608)] range at 0xfffac000, size 0xf84 fully unreadable
[0509/172049:ERROR:process_info.cc(608)] range at 0xfffa9000, size 0xf84 fully unreadable
[0509/172049:ERROR:process_info.cc(608)] range at 0xfffa6000, size 0xf84 fully unreadable
[0509/172049:ERROR:process_info.cc(608)] range at 0xfffa3000, size 0xf84 fully unreadable
[0509/172049:ERROR:process_info.cc(608)] range at 0xfffa0000, size 0xf84 fully unreadable
[0509/172049:ERROR:process_info.cc(608)] range at 0xfff9d000, size 0xf84 fully unreadable
[0509/172049:ERROR:process_info.cc(608)] range at 0xfffde000, size 0x230 fully unreadable
[0509/172049:ERROR:process_info.cc(608)] range at 0xfffdd000, size 0xf84 fully unreadable
[0509/172049:ERROR:process_info.cc(608)] range at 0xfffda000, size 0xf84 fully unreadable
[0509/172049:ERROR:process_info.cc(608)] range at 0xfffd7000, size 0xf84 fully unreadable
[0509/172049:ERROR:process_info.cc(608)] range at 0xfffa6000, size 0xf84 fully unreadable
[0509/172049:ERROR:process_info.cc(608)] range at 0xfffa3000, size 0xf84 fully unreadable
[0509/172049:ERROR:process_info.cc(608)] range at 0xfffa9000, size 0xf84 fully unreadable
[0509/172049:ERROR:process_info.cc(608)] range at 0xfff9d000, size 0xf84 fully unreadable
[0509/172049:ERROR:process_info.cc(608)] range at 0xfff9a000, size 0xf84 fully unreadable
[0509/172049:ERROR:process_info.cc(608)] range at 0xfff97000, size 0xf84 fully unreadable
[0509/172049:ERROR:process_info.cc(608)] range at 0xfff94000, size 0xf84 fully unreadable
[0509/172049:ERROR:process_info.cc(608)] range at 0xfff91000, size 0xf84 fully unreadable
[0509/172049:ERROR:process_info.cc(608)] range at 0xfff8e000, size 0xf84 fully unreadable
[0509/172049:ERROR:process_info.cc(608)] range at 0xfff8b000, size 0xf84 fully unreadable
[0509/172049:ERROR:process_info.cc(608)] range at 0xfff88000, size 0xf84 fully unreadable
[0509/172049:ERROR:process_info.cc(608)] range at 0xfff85000, size 0xf84 fully unreadable
[0509/172049:ERROR:process_info.cc(608)] range at 0xfff82000, size 0xf84 fully unreadable
[0509/172049:ERROR:process_info.cc(608)] range at 0xfff7f000, size 0xf84 fully unreadable
[0509/172049:ERROR:process_info.cc(608)] range at 0xfff7c000, size 0xf84 fully unreadable
[0509/172049:ERROR:process_info.cc(608)] range at 0xfff79000, size 0xf84 fully unreadable
[0509/172049:ERROR:process_info.cc(608)] range at 0xfff76000, size 0xf84 fully unreadable
[0509/172049:ERROR:process_info.cc(608)] range at 0xfff73000, size 0xf84 fully unreadable
[0509/172049:ERROR:process_info.cc(608)] range at 0xfff70000, size 0xf84 fully unreadable
[0509/172049:ERROR:process_info.cc(608)] range at 0xfff67000, size 0xf84 fully unreadable
[0509/172049:ERROR:process_info.cc(608)] range at 0xfff64000, size 0xf84 fully unreadable
[0509/172049:ERROR:process_info.cc(608)] range at 0xfff5b000, size 0xf84 fully unreadable
[0509/172049:ERROR:process_info.cc(608)] range at 0xfff6d000, size 0xf84 fully unreadable
[0509/172049:ERROR:process_info.cc(608)] range at 0xfffaf000, size 0xf84 fully unreadable
[0509/172049:ERROR:process_info.cc(608)] range at 0xfffac000, size 0xf84 fully unreadable
[0509/172049:ERROR:process_info.cc(608)] range at 0xfffa0000, size 0xf84 fully unreadable
[0509/172049:ERROR:process_info.cc(608)] range at 0xfff6a000, size 0xf84 fully unreadable
[0509/172049:ERROR:process_info.cc(608)] range at 0xfff61000, size 0xf84 fully unreadable
[0509/172049:ERROR:scoped_process_suspend.cc(38)] NtResumeProcess, ntstatus=-1073741558
[0510/142643:ERROR:process_info.cc(608)] range at 0xfffde000, size 0x230 fully unreadable
[0510/142643:ERROR:process_reader_win.cc(113)] NtOpenThread: {Access Denied} A process has requested access to an object, but has not been granted those access rights.  (0xc0000022)
[0510/142643:ERROR:exception_snapshot_win.cc(56)] thread ID 10028 not found in process
[0510/142643:WARNING:crash_report_exception_handler.cc(60)] ProcessSnapshotWin::InitializeException failed
[0510/144248:ERROR:process_info.cc(608)] range at 0xfffde000, size 0x230 fully unreadable
[0510/144248:ERROR:process_info.cc(608)] range at 0xfffdd000, size 0xf84 fully unreadable
[0510/144248:ERROR:process_info.cc(608)] range at 0xfffda000, size 0xf84 fully unreadable
[0510/144248:ERROR:process_info.cc(608)] range at 0xfffd7000, size 0xf84 fully unreadable
[0510/144248:ERROR:process_info.cc(608)] range at 0xfffaf000, size 0xf84 fully unreadable
[0510/144248:ERROR:process_info.cc(608)] range at 0xfffac000, size 0xf84 fully unreadable
[0510/144248:ERROR:process_info.cc(608)] range at 0xfffa9000, size 0xf84 fully unreadable
[0510/144248:ERROR:process_info.cc(608)] range at 0xfffa6000, size 0xf84 fully unreadable
[0510/144248:ERROR:process_info.cc(608)] range at 0xfffa3000, size 0xf84 fully unreadable
[0510/144248:ERROR:process_info.cc(608)] range at 0xfffa0000, size 0xf84 fully unreadable
[0510/144248:ERROR:process_info.cc(608)] range at 0xfff9d000, size 0xf84 fully unreadable
[0510/144248:ERROR:process_info.cc(608)] range at 0xfff9a000, size 0xf84 fully unreadable
[0510/151306:ERROR:process_info.cc(608)] range at 0xfffde000, size 0x230 fully unreadable
[0510/151306:ERROR:process_info.cc(608)] range at 0xfffdd000, size 0xf84 fully unreadable
[0510/151306:ERROR:process_info.cc(608)] range at 0xfffda000, size 0xf84 fully unreadable
[0510/151306:ERROR:process_info.cc(608)] range at 0xfffd7000, size 0xf84 fully unreadable
[0510/151306:ERROR:process_info.cc(608)] range at 0xfffaf000, size 0xf84 fully unreadable
[0510/151306:ERROR:process_info.cc(608)] range at 0xfffac000, size 0xf84 fully unreadable
[0510/151306:ERROR:process_info.cc(608)] range at 0xfffa9000, size 0xf84 fully unreadable
[0510/151306:ERROR:process_info.cc(608)] range at 0xfffa6000, size 0xf84 fully unreadable
[0510/151306:ERROR:process_info.cc(608)] range at 0xfffde000, size 0x230 fully unreadable
[0510/151306:ERROR:process_info.cc(608)] range at 0xfffdd000, size 0xf84 fully unreadable
[0510/151306:ERROR:process_info.cc(608)] range at 0xfffda000, size 0xf84 fully unreadable
[0510/151306:ERROR:process_info.cc(608)] range at 0xfffd7000, size 0xf84 fully unreadable
[0510/151306:ERROR:process_info.cc(608)] range at 0xfffaf000, size 0xf84 fully unreadable
[0510/151306:ERROR:process_info.cc(608)] range at 0xfffac000, size 0xf84 fully unreadable
[0510/151306:ERROR:process_info.cc(608)] range at 0xfffa9000, size 0xf84 fully unreadable
[0510/151306:ERROR:process_info.cc(608)] range at 0xfffa6000, size 0xf84 fully unreadable
[0510/151312:ERROR:process_info.cc(608)] range at 0xfffde000, size 0x230 fully unreadable
[0510/151312:ERROR:process_info.cc(608)] range at 0xfffdd000, size 0xf84 fully unreadable
[0510/151312:ERROR:process_info.cc(608)] range at 0xfffda000, size 0xf84 fully unreadable
[0510/151312:ERROR:process_info.cc(608)] range at 0xfffd7000, size 0xf84 fully unreadable
[0510/151312:ERROR:process_info.cc(608)] range at 0xfffaf000, size 0xf84 fully unreadable
[0510/151312:ERROR:process_info.cc(608)] range at 0xfffac000, size 0xf84 fully unreadable
[0510/151312:ERROR:process_info.cc(608)] range at 0xfffa6000, size 0xf84 fully unreadable
[0510/151312:ERROR:process_info.cc(608)] range at 0xfffa3000, size 0xf84 fully unreadable
[0510/151312:ERROR:process_info.cc(608)] range at 0xfffa0000, size 0xf84 fully unreadable
[0510/151312:ERROR:process_info.cc(608)] range at 0xfffa9000, size 0xf84 fully unreadable
[0510/151312:ERROR:process_info.cc(608)] range at 0xfff9d000, size 0xf84 fully unreadable
[0510/151312:ERROR:process_info.cc(608)] range at 0xfff9a000, size 0xf84 fully unreadable
[0510/151312:ERROR:process_info.cc(608)] range at 0xfff97000, size 0xf84 fully unreadable
[0510/151312:ERROR:process_info.cc(608)] range at 0xfff94000, size 0xf84 fully unreadable
[0510/151312:ERROR:process_info.cc(608)] range at 0xfff91000, size 0xf84 fully unreadable
[0510/151312:ERROR:process_info.cc(608)] range at 0xfff8e000, size 0xf84 fully unreadable
[0510/151312:ERROR:process_info.cc(608)] range at 0xfff8b000, size 0xf84 fully unreadable
[0510/151312:ERROR:process_info.cc(608)] range at 0xfff88000, size 0xf84 fully unreadable
[0510/151312:ERROR:process_info.cc(608)] range at 0xfff85000, size 0xf84 fully unreadable
[0510/151312:ERROR:process_info.cc(608)] range at 0xfff82000, size 0xf84 fully unreadable
[0510/151312:ERROR:process_info.cc(608)] range at 0xfff7f000, size 0xf84 fully unreadable
[0510/151312:ERROR:process_info.cc(608)] range at 0xfff7c000, size 0xf84 fully unreadable
[0510/151312:ERROR:process_info.cc(608)] range at 0xfff79000, size 0xf84 fully unreadable
[0510/151312:ERROR:process_info.cc(608)] range at 0xfff76000, size 0xf84 fully unreadable
[0510/151312:ERROR:process_info.cc(608)] range at 0xfff73000, size 0xf84 fully unreadable
[0510/151312:ERROR:process_info.cc(608)] range at 0xfff70000, size 0xf84 fully unreadable
[0510/151312:ERROR:process_info.cc(608)] range at 0xfff6d000, size 0xf84 fully unreadable
[0510/151312:ERROR:process_info.cc(608)] range at 0xfff67000, size 0xf84 fully unreadable
[0510/151312:ERROR:process_info.cc(608)] range at 0xfff6a000, size 0xf84 fully unreadable
[0510/152433:ERROR:process_info.cc(608)] range at 0xfffde000, size 0x230 fully unreadable
[0510/152433:ERROR:process_info.cc(608)] range at 0xfffdd000, size 0xf84 fully unreadable
[0510/152433:ERROR:process_info.cc(608)] range at 0xfffda000, size 0xf84 fully unreadable
[0510/152433:ERROR:process_info.cc(608)] range at 0xfffd7000, size 0xf84 fully unreadable
[0510/152433:ERROR:process_info.cc(608)] range at 0xfffaf000, size 0xf84 fully unreadable
[0510/152433:ERROR:process_info.cc(608)] range at 0xfffac000, size 0xf84 fully unreadable
[0510/152433:ERROR:process_info.cc(608)] range at 0xfffa9000, size 0xf84 fully unreadable
[0510/152433:ERROR:process_info.cc(608)] range at 0xfffa6000, size 0xf84 fully unreadable
[0510/152433:ERROR:process_info.cc(608)] range at 0xfffa3000, size 0xf84 fully unreadable
[0510/152433:ERROR:process_info.cc(608)] range at 0xfffa0000, size 0xf84 fully unreadable
[0510/152433:ERROR:process_info.cc(608)] range at 0xfff9d000, size 0xf84 fully unreadable
[0510/152433:ERROR:process_info.cc(608)] range at 0xfff9a000, size 0xf84 fully unreadable
[0510/153217:ERROR:process_info.cc(608)] range at 0xfffde000, size 0x230 fully unreadable
[0510/155019:ERROR:process_info.cc(608)] range at 0xfffde000, size 0x230 fully unreadable
[0510/155019:ERROR:process_info.cc(608)] range at 0xfffdd000, size 0xf84 fully unreadable
[0510/155019:ERROR:process_info.cc(608)] range at 0xfffda000, size 0xf84 fully unreadable
[0510/155019:ERROR:process_info.cc(608)] range at 0xfffd7000, size 0xf84 fully unreadable
[0510/155019:ERROR:process_info.cc(608)] range at 0xfffaf000, size 0xf84 fully unreadable
[0510/155019:ERROR:process_info.cc(608)] range at 0xfffac000, size 0xf84 fully unreadable
[0510/155019:ERROR:process_info.cc(608)] range at 0xfffa9000, size 0xf84 fully unreadable
[0510/155019:ERROR:process_info.cc(608)] range at 0xfffa6000, size 0xf84 fully unreadable
[0510/155019:ERROR:process_info.cc(608)] range at 0xfffa3000, size 0xf84 fully unreadable
[0510/155019:ERROR:process_info.cc(608)] range at 0xfffa0000, size 0xf84 fully unreadable
[0510/155019:ERROR:process_info.cc(608)] range at 0xfff9d000, size 0xf84 fully unreadable
[0510/155019:ERROR:process_info.cc(608)] range at 0xfff9a000, size 0xf84 fully unreadable
[0510/155917:ERROR:process_info.cc(608)] range at 0xfffde000, size 0x230 fully unreadable
[0510/155917:ERROR:process_info.cc(608)] range at 0xfffdd000, size 0xf84 fully unreadable
[0510/155917:ERROR:process_info.cc(608)] range at 0xfffda000, size 0xf84 fully unreadable
[0510/155917:ERROR:process_info.cc(608)] range at 0xfffd7000, size 0xf84 fully unreadable
[0510/155917:ERROR:process_info.cc(608)] range at 0xfffaf000, size 0xf84 fully unreadable
[0510/155917:ERROR:process_info.cc(608)] range at 0xfffac000, size 0xf84 fully unreadable
[0510/155917:ERROR:process_info.cc(608)] range at 0xfffa9000, size 0xf84 fully unreadable
[0510/155917:ERROR:process_info.cc(608)] range at 0xfffa6000, size 0xf84 fully unreadable
[0510/155917:ERROR:process_info.cc(608)] range at 0xfffa3000, size 0xf84 fully unreadable
[0510/155917:ERROR:process_info.cc(608)] range at 0xfffa0000, size 0xf84 fully unreadable
[0510/155917:ERROR:process_info.cc(608)] range at 0xfff9d000, size 0xf84 fully unreadable
[0510/155917:ERROR:process_info.cc(608)] range at 0xfff9a000, size 0xf84 fully unreadable
[0510/162052:ERROR:process_info.cc(608)] range at 0xfffde000, size 0x230 fully unreadable
[0510/162052:ERROR:process_info.cc(608)] range at 0xfffdd000, size 0xf84 fully unreadable
[0510/162052:ERROR:process_info.cc(608)] range at 0xfffda000, size 0xf84 fully unreadable
[0510/162052:ERROR:process_info.cc(608)] range at 0xfffd7000, size 0xf84 fully unreadable
[0510/162052:ERROR:process_info.cc(608)] range at 0xfffaf000, size 0xf84 fully unreadable
[0510/162052:ERROR:process_info.cc(608)] range at 0xfffac000, size 0xf84 fully unreadable
[0510/162052:ERROR:process_info.cc(608)] range at 0xfffa9000, size 0xf84 fully unreadable
[0510/162052:ERROR:process_info.cc(608)] range at 0xfffa6000, size 0xf84 fully unreadable
[0510/162052:ERROR:process_info.cc(608)] range at 0xfffa3000, size 0xf84 fully unreadable
[0510/162052:ERROR:process_info.cc(608)] range at 0xfffa0000, size 0xf84 fully unreadable
[0510/162052:ERROR:process_info.cc(608)] range at 0xfff9d000, size 0xf84 fully unreadable
[0510/162500:ERROR:process_info.cc(608)] range at 0xfffde000, size 0x230 fully unreadable
[0510/162500:ERROR:process_reader_win.cc(82)] NtQuerySystemInformation: {Not Enough Quota} Not enough virtual memory or paging file quota is available to complete the specified operation.  (0xc0000017)
[0510/162500:ERROR:exception_snapshot_win.cc(56)] thread ID 8500 not found in process
[0510/162500:WARNING:crash_report_exception_handler.cc(60)] ProcessSnapshotWin::InitializeException failed
[0510/162500:ERROR:process_info.cc(608)] range at 0xfffde000, size 0x230 fully unreadable
[0510/162500:ERROR:process_reader_win.cc(166)] GetThreadContext: Access is denied. (0x5)
[0510/162500:ERROR:process_reader_win.cc(141)] SuspendThread: Access is denied. (0x5)
[0510/162500:ERROR:process_reader_win.cc(141)] SuspendThread: Access is denied. (0x5)
[0510/162500:ERROR:process_reader_win.cc(141)] SuspendThread: Access is denied. (0x5)
[0510/162500:ERROR:process_reader_win.cc(141)] SuspendThread: Access is denied. (0x5)
[0510/162500:ERROR:process_reader_win.cc(113)] NtOpenThread: An invalid Client ID was specified.  (0xc000000b)
[0510/162501:ERROR:process_reader_win.cc(113)] NtOpenThread: An invalid Client ID was specified.  (0xc000000b)
[0510/162501:ERROR:process_reader_win.cc(113)] NtOpenThread: An invalid Client ID was specified.  (0xc000000b)
[0510/162501:ERROR:process_reader_win.cc(113)] NtOpenThread: An invalid Client ID was specified.  (0xc000000b)
[0510/162501:ERROR:process_reader_win.cc(113)] NtOpenThread: An invalid Client ID was specified.  (0xc000000b)
[0510/162501:ERROR:process_reader_win.cc(113)] NtOpenThread: An invalid Client ID was specified.  (0xc000000b)
[0510/162501:ERROR:process_reader_win.cc(113)] NtOpenThread: An invalid Client ID was specified.  (0xc000000b)
[0510/162501:ERROR:process_reader_win.cc(113)] NtOpenThread: An invalid Client ID was specified.  (0xc000000b)
[0510/162501:ERROR:process_reader_win.cc(113)] NtOpenThread: An invalid Client ID was specified.  (0xc000000b)
[0510/162501:ERROR:process_reader_win.cc(113)] NtOpenThread: An invalid Client ID was specified.  (0xc000000b)
[0510/162501:ERROR:process_reader_win.cc(113)] NtOpenThread: An invalid Client ID was specified.  (0xc000000b)
[0510/162501:ERROR:process_reader_win.cc(113)] NtOpenThread: An invalid Client ID was specified.  (0xc000000b)
[0510/162501:ERROR:process_reader_win.cc(113)] NtOpenThread: An invalid Client ID was specified.  (0xc000000b)
[0510/162501:ERROR:process_reader_win.cc(113)] NtOpenThread: An invalid Client ID was specified.  (0xc000000b)
[0510/162501:ERROR:process_reader_win.cc(113)] NtOpenThread: An invalid Client ID was specified.  (0xc000000b)
[0510/162501:ERROR:process_reader_win.cc(113)] NtOpenThread: An invalid Client ID was specified.  (0xc000000b)
[0510/162501:ERROR:process_reader_win.cc(113)] NtOpenThread: An invalid Client ID was specified.  (0xc000000b)
[0510/162501:ERROR:process_reader_win.cc(113)] NtOpenThread: An invalid Client ID was specified.  (0xc000000b)
[0510/162501:ERROR:process_reader_win.cc(113)] NtOpenThread: An invalid Client ID was specified.  (0xc000000b)
[0510/162501:ERROR:process_reader_win.cc(113)] NtOpenThread: An invalid Client ID was specified.  (0xc000000b)
[0510/162501:ERROR:process_reader_win.cc(113)] NtOpenThread: An invalid Client ID was specified.  (0xc000000b)
[0510/162501:ERROR:process_reader_win.cc(113)] NtOpenThread: An invalid Client ID was specified.  (0xc000000b)
[0510/162501:ERROR:process_reader_win.cc(113)] NtOpenThread: An invalid Client ID was specified.  (0xc000000b)
[0510/162501:ERROR:process_reader_win.cc(113)] NtOpenThread: An invalid Client ID was specified.  (0xc000000b)
[0510/162501:ERROR:process_info.cc(608)] range at 0xfffdd000, size 0xf84 fully unreadable
[0510/162501:ERROR:process_reader_win.cc(232)] ReadMemory at 0x830000 of 64 bytes failed: Only part of a ReadProcessMemory or WriteProcessMemory request was completed. (0x12B)
[0510/162501:WARNING:pe_image_reader.cc(280)] could not read dos header from C:\Program Files (x86)\Google\Chrome\Application\chrome.exe
[0510/162501:ERROR:process_reader_win.cc(232)] ReadMemory at 0x77100000 of 64 bytes failed: Only part of a ReadProcessMemory or WriteProcessMemory request was completed. (0x12B)
[0510/162501:WARNING:pe_image_reader.cc(280)] could not read dos header from C:\WINDOWS\SysWOW64\ntdll.dll
[0510/162501:ERROR:process_reader_win.cc(232)] ReadMemory at 0x76a10000 of 64 bytes failed: Only part of a ReadProcessMemory or WriteProcessMemory request was completed. (0x12B)
[0510/162501:WARNING:pe_image_reader.cc(280)] could not read dos header from C:\WINDOWS\syswow64\KERNELBASE.dll
[0510/162501:ERROR:process_reader_win.cc(232)] ReadMemory at 0x76560000 of 64 bytes failed: Only part of a ReadProcessMemory or WriteProcessMemory request was completed. (0x12B)
[0510/162501:WARNING:pe_image_reader.cc(280)] could not read dos header from C:\WINDOWS\syswow64\kernel32.dll
[0510/162501:ERROR:process_reader_win.cc(232)] ReadMemory at 0x74ae0000 of 64 bytes failed: Only part of a ReadProcessMemory or WriteProcessMemory request was completed. (0x12B)
[0510/162501:WARNING:pe_image_reader.cc(280)] could not read dos header from C:\WINDOWS\syswow64\msvcrt.dll
[0510/162501:ERROR:process_reader_win.cc(232)] ReadMemory at 0x74a70000 of 64 bytes failed: Only part of a ReadProcessMemory or WriteProcessMemory request was completed. (0x12B)
[0510/162501:WARNING:pe_image_reader.cc(280)] could not read dos header from C:\WINDOWS\syswow64\CRYPTBASE.dll
[0510/162501:ERROR:process_reader_win.cc(232)] ReadMemory at 0x74a80000 of 64 bytes failed: Only part of a ReadProcessMemory or WriteProcessMemory request was completed. (0x12B)
[0510/162501:WARNING:pe_image_reader.cc(280)] could not read dos header from C:\WINDOWS\syswow64\SspiCli.dll
[0510/162501:ERROR:process_reader_win.cc(232)] ReadMemory at 0x76410000 of 64 bytes failed: Only part of a ReadProcessMemory or WriteProcessMemory request was completed. (0x12B)
[0510/162501:WARNING:pe_image_reader.cc(280)] could not read dos header from C:\WINDOWS\syswow64\RPCRT4.dll
[0510/162501:ERROR:process_reader_win.cc(232)] ReadMemory at 0x76130000 of 64 bytes failed: Only part of a ReadProcessMemory or WriteProcessMemory request was completed. (0x12B)
[0510/162501:WARNING:pe_image_reader.cc(280)] could not read dos header from C:\WINDOWS\SysWOW64\sechost.dll
[0510/162501:ERROR:process_reader_win.cc(232)] ReadMemory at 0x761e0000 of 64 bytes failed: Only part of a ReadProcessMemory or WriteProcessMemory request was completed. (0x12B)
[0510/162501:WARNING:pe_image_reader.cc(280)] could not read dos header from C:\WINDOWS\syswow64\ADVAPI32.dll
[0510/162501:ERROR:process_reader_win.cc(232)] ReadMemory at 0x72670000 of 64 bytes failed: Only part of a ReadProcessMemory or WriteProcessMemory request was completed. (0x12B)
[0510/162501:WARNING:pe_image_reader.cc(280)] could not read dos header from C:\Program Files (x86)\Google\Chrome\Application\49.0.2623.112\chrome_elf.dll
[0510/162501:ERROR:process_reader_win.cc(232)] ReadMemory at 0x687f0000 of 64 bytes failed: Only part of a ReadProcessMemory or WriteProcessMemory request was completed. (0x12B)
[0510/162501:WARNING:pe_image_reader.cc(280)] could not read dos header from C:\WINDOWS\system32\webio.dll
[0510/162501:ERROR:process_reader_win.cc(232)] ReadMemory at 0x68840000 of 64 bytes failed: Only part of a ReadProcessMemory or WriteProcessMemory request was completed. (0x12B)
[0510/162501:WARNING:pe_image_reader.cc(280)] could not read dos header from C:\WINDOWS\system32\WINHTTP.dll
[0510/162501:ERROR:process_reader_win.cc(232)] ReadMemory at 0x747d0000 of 64 bytes failed: Only part of a ReadProcessMemory or WriteProcessMemory request was completed. (0x12B)
[0510/162501:WARNING:pe_image_reader.cc(280)] could not read dos header from C:\WINDOWS\system32\VERSION.dll
[0510/162501:ERROR:process_reader_win.cc(232)] ReadMemory at 0x76090000 of 64 bytes failed: Only part of a ReadProcessMemory or WriteProcessMemory request was completed. (0x12B)
[0510/162501:WARNING:pe_image_reader.cc(280)] could not read dos header from C:\WINDOWS\syswow64\USP10.dll
[0510/162501:ERROR:process_reader_win.cc(232)] ReadMemory at 0x74da0000 of 64 bytes failed: Only part of a ReadProcessMemory or WriteProcessMemory request was completed. (0x12B)
[0510/162501:WARNING:pe_image_reader.cc(280)] could not read dos header from C:\WINDOWS\syswow64\LPK.dll
[0510/162501:ERROR:process_reader_win.cc(232)] ReadMemory at 0x75cb0000 of 64 bytes failed: Only part of a ReadProcessMemory or WriteProcessMemory request was completed. (0x12B)
[0510/162501:WARNING:pe_image_reader.cc(280)] could not read dos header from C:\WINDOWS\syswow64\GDI32.dll
[0510/162501:ERROR:process_reader_win.cc(232)] ReadMemory at 0x74db0000 of 64 bytes failed: Only part of a ReadProcessMemory or WriteProcessMemory request was completed. (0x12B)
[0510/162501:WARNING:pe_image_reader.cc(280)] could not read dos header from C:\WINDOWS\syswow64\USER32.dll
[0510/162501:ERROR:process_reader_win.cc(232)] ReadMemory at 0x67ca0000 of 64 bytes failed: Only part of a ReadProcessMemory or WriteProcessMemory request was completed. (0x12B)
[0510/162501:WARNING:pe_image_reader.cc(280)] could not read dos header from C:\WINDOWS\system32\WINMM.dll
[0510/162501:ERROR:process_reader_win.cc(232)] ReadMemory at 0x74d90000 of 64 bytes failed: Only part of a ReadProcessMemory or WriteProcessMemory request was completed. (0x12B)
[0510/162501:WARNING:pe_image_reader.cc(280)] could not read dos header from C:\WINDOWS\syswow64\profapi.dll
[0510/162501:ERROR:process_reader_win.cc(232)] ReadMemory at 0x76860000 of 64 bytes failed: Only part of a ReadProcessMemory or WriteProcessMemory request was completed. (0x12B)
[0510/162501:WARNING:pe_image_reader.cc(280)] could not read dos header from C:\WINDOWS\syswow64\USERENV.dll
[0510/162501:ERROR:process_reader_win.cc(232)] ReadMemory at 0x73ed0000 of 64 bytes failed: Only part of a ReadProcessMemory or WriteProcessMemory request was completed. (0x12B)
[0510/162501:WARNING:pe_image_reader.cc(280)] could not read dos header from C:\WINDOWS\system32\WTSAPI32.dll
[0510/162501:ERROR:process_reader_win.cc(232)] ReadMemory at 0x76340000 of 64 bytes failed: Only part of a ReadProcessMemory or WriteProcessMemory request was completed. (0x12B)
[0510/162501:WARNING:pe_image_reader.cc(280)] could not read dos header from C:\WINDOWS\syswow64\MSCTF.dll
[0510/162501:ERROR:process_reader_win.cc(232)] ReadMemory at 0x76500000 of 64 bytes failed: Only part of a ReadProcessMemory or WriteProcessMemory request was completed. (0x12B)
[0510/162501:WARNING:pe_image_reader.cc(280)] could not read dos header from C:\WINDOWS\system32\IMM32.DLL
[0510/162501:ERROR:process_reader_win.cc(232)] ReadMemory at 0x76a60000 of 64 bytes failed: Only part of a ReadProcessMemory or WriteProcessMemory request was completed. (0x12B)
[0510/162501:WARNING:pe_image_reader.cc(280)] could not read dos header from C:\WINDOWS\syswow64\SHLWAPI.dll
[0510/162501:ERROR:process_reader_win.cc(232)] ReadMemory at 0x75060000 of 64 bytes failed: Only part of a ReadProcessMemory or WriteProcessMemory request was completed. (0x12B)
[0510/162501:WARNING:pe_image_reader.cc(280)] could not read dos header from C:\WINDOWS\syswow64\SHELL32.dll
[0510/162501:ERROR:process_reader_win.cc(232)] ReadMemory at 0x74ba0000 of 64 bytes failed: Only part of a ReadProcessMemory or WriteProcessMemory request was completed. (0x12B)
[0510/162501:WARNING:pe_image_reader.cc(280)] could not read dos header from C:\WINDOWS\syswow64\ole32.dll
[0510/162501:ERROR:process_reader_win.cc(232)] ReadMemory at 0x71860000 of 64 bytes failed: Only part of a ReadProcessMemory or WriteProcessMemory request was completed. (0x12B)
[0510/162501:WARNING:pe_image_reader.cc(280)] could not read dos header from C:\WINDOWS\system32\apphelp.dll
[0510/162501:ERROR:process_reader_win.cc(232)] ReadMemory at 0x761a0000 of 64 bytes failed: Only part of a ReadProcessMemory or WriteProcessMemory request was completed. (0x12B)
[0510/162501:WARNING:pe_image_reader.cc(280)] could not read dos header from C:\WINDOWS\syswow64\PSAPI.DLL
[0510/162501:ERROR:process_reader_win.cc(232)] ReadMemory at 0x75f80000 of 64 bytes failed: Only part of a ReadProcessMemory or WriteProcessMemory request was completed. (0x12B)
[0510/162501:WARNING:pe_image_reader.cc(280)] could not read dos header from C:\WINDOWS\syswow64\OLEAUT32.dll
[0510/162501:ERROR:process_reader_win.cc(232)] ReadMemory at 0x693f0000 of 64 bytes failed: Only part of a ReadProcessMemory or WriteProcessMemory request was completed. (0x12B)
[0510/162501:WARNING:pe_image_reader.cc(280)] could not read dos header from C:\WINDOWS\system32\credui.dll
[0510/162501:ERROR:process_reader_win.cc(232)] ReadMemory at 0x73d80000 of 64 bytes failed: Only part of a ReadProcessMemory or WriteProcessMemory request was completed. (0x12B)
[0510/162501:WARNING:pe_image_reader.cc(280)] could not read dos header from C:\WINDOWS\system32\netutils.dll
[0510/162501:ERROR:process_reader_win.cc(232)] ReadMemory at 0x73d60000 of 64 bytes failed: Only part of a ReadProcessMemory or WriteProcessMemory request was completed. (0x12B)
[0510/162501:WARNING:pe_image_reader.cc(280)] could not read dos header from C:\WINDOWS\system32\srvcli.dll
[0510/162501:ERROR:process_reader_win.cc(232)] ReadMemory at 0x73d50000 of 64 bytes failed: Only part of a ReadProcessMemory or WriteProcessMemory request was completed. (0x12B)
[0510/162501:WARNING:pe_image_reader.cc(280)] could not read dos header from C:\WINDOWS\system32\wkscli.dll
[0510/162501:ERROR:process_reader_win.cc(232)] ReadMemory at 0x73d90000 of 64 bytes failed: Only part of a ReadProcessMemory or WriteProcessMemory request was completed. (0x12B)
[0510/162501:WARNING:pe_image_reader.cc(280)] could not read dos header from C:\WINDOWS\system32\NETAPI32.dll
[0510/162501:ERROR:process_reader_win.cc(232)] ReadMemory at 0x737e0000 of 64 bytes failed: Only part of a ReadProcessMemory or WriteProcessMemory request was completed. (0x12B)
[0510/162501:WARNING:pe_image_reader.cc(280)] could not read dos header from C:\WINDOWS\system32\SAMCLI.DLL
[0510/162501:ERROR:process_reader_win.cc(232)] ReadMemory at 0x624f0000 of 64 bytes failed: Only part of a ReadProcessMemory or WriteProcessMemory request was completed. (0x12B)
[0510/162501:WARNING:pe_image_reader.cc(280)] could not read dos header from C:\WINDOWS\system32\HID.DLL
[0510/162501:ERROR:process_reader_win.cc(232)] ReadMemory at 0x65b50000 of 64 bytes failed: Only part of a ReadProcessMemory or WriteProcessMemory request was completed. (0x12B)
[0510/162501:WARNING:pe_image_reader.cc(280)] could not read dos header from C:\WINDOWS\system32\OLEACC.dll
[0510/162501:ERROR:process_reader_win.cc(232)] ReadMemory at 0x73560000 of 64 bytes failed: Only part of a ReadProcessMemory or WriteProcessMemory request was completed. (0x12B)
[0510/162501:WARNING:pe_image_reader.cc(280)] could not read dos header from C:\WINDOWS\system32\Secur32.dll
[0510/162501:ERROR:process_reader_win.cc(232)] ReadMemory at 0x71900000 of 64 bytes failed: Only part of a ReadProcessMemory or WriteProcessMemory request was completed. (0x12B)
[0510/162501:WARNING:pe_image_reader.cc(280)] could not read dos header from C:\WINDOWS\WinSxS\x86_microsoft.windows.common-controls_6595b64144ccf1df_6.0.7601.18837_none_41e855142bd5705d\COMCTL32.dll
[0510/162501:ERROR:process_reader_win.cc(232)] ReadMemory at 0x770d0000 of 64 bytes failed: Only part of a ReadProcessMemory or WriteProcessMemory request was completed. (0x12B)
[0510/162501:WARNING:pe_image_reader.cc(280)] could not read dos header from C:\WINDOWS\syswow64\MSASN1.dll
[0510/162501:ERROR:process_reader_win.cc(232)] ReadMemory at 0x75e10000 of 64 bytes failed: Only part of a ReadProcessMemory or WriteProcessMemory request was completed. (0x12B)
[0510/162501:WARNING:pe_image_reader.cc(280)] could not read dos header from C:\WINDOWS\syswow64\CRYPT32.dll
[0510/162501:ERROR:process_reader_win.cc(232)] ReadMemory at 0x75dd0000 of 64 bytes failed: Only part of a ReadProcessMemory or WriteProcessMemory request was completed. (0x12B)
[0510/162501:WARNING:pe_image_reader.cc(280)] could not read dos header from C:\WINDOWS\syswow64\WINTRUST.dll
[0510/162501:ERROR:process_reader_win.cc(232)] ReadMemory at 0x680f0000 of 64 bytes failed: Only part of a ReadProcessMemory or WriteProcessMemory request was completed. (0x12B)
[0510/162501:WARNING:pe_image_reader.cc(280)] could not read dos header from C:\WINDOWS\system32\pdh.dll
[0510/162501:ERROR:process_reader_win.cc(232)] ReadMemory at 0x76080000 of 64 bytes failed: Only part of a ReadProcessMemory or WriteProcessMemory request was completed. (0x12B)
[0510/162501:WARNING:pe_image_reader.cc(280)] could not read dos header from C:\WINDOWS\syswow64\NSI.dll
[0510/162501:ERROR:process_reader_win.cc(232)] ReadMemory at 0x76880000 of 64 bytes failed: Only part of a ReadProcessMemory or WriteProcessMemory request was completed. (0x12B)
[0510/162501:WARNING:pe_image_reader.cc(280)] could not read dos header from C:\WINDOWS\syswow64\WS2_32.dll
[0510/162501:ERROR:process_reader_win.cc(232)] ReadMemory at 0x695b0000 of 64 bytes failed: Only part of a ReadProcessMemory or WriteProcessMemory request was completed. (0x12B)
[0510/162501:WARNING:pe_image_reader.cc(280)] could not read dos header from C:\WINDOWS\system32\NTDSAPI.dll
[0510/162501:ERROR:process_reader_win.cc(232)] ReadMemory at 0x2300000 of 64 bytes failed: Only part of a ReadProcessMemory or WriteProcessMemory request was completed. (0x12B)
[0510/162501:WARNING:pe_image_reader.cc(280)] could not read dos header from C:\Program Files (x86)\Google\Chrome\Application\49.0.2623.112\chrome.dll
[0510/162501:ERROR:process_reader_win.cc(232)] ReadMemory at 0x76150000 of 64 bytes failed: Only part of a ReadProcessMemory or WriteProcessMemory request was completed. (0x12B)
[0510/162501:WARNING:pe_image_reader.cc(280)] could not read dos header from C:\WINDOWS\syswow64\WLDAP32.dll
[0510/162501:ERROR:process_reader_win.cc(232)] ReadMemory at 0x6a1a0000 of 64 bytes failed: Only part of a ReadProcessMemory or WriteProcessMemory request was completed. (0x12B)
[0510/162501:WARNING:pe_image_reader.cc(280)] could not read dos header from C:\WINDOWS\system32\ntmarta.dll
[0510/162501:ERROR:process_reader_win.cc(232)] ReadMemory at 0x67ce0000 of 64 bytes failed: Only part of a ReadProcessMemory or WriteProcessMemory request was completed. (0x12B)
[0510/162501:WARNING:pe_image_reader.cc(280)] could not read dos header from C:\WINDOWS\system32\uxtheme.dll
[0510/162501:ERROR:process_reader_win.cc(232)] ReadMemory at 0x64650000 of 64 bytes failed: Only part of a ReadProcessMemory or WriteProcessMemory request was completed. (0x12B)
[0510/162501:WARNING:pe_image_reader.cc(280)] could not read dos header from C:\WINDOWS\system32\dwrite.dll
[0510/162501:ERROR:process_reader_win.cc(232)] ReadMemory at 0x72000000 of 64 bytes failed: Only part of a ReadProcessMemory or WriteProcessMemory request was completed. (0x12B)
[0510/162501:WARNING:pe_image_reader.cc(280)] could not read dos header from C:\WINDOWS\system32\NLAapi.dll
[0510/162501:ERROR:process_reader_win.cc(232)] ReadMemory at 0x74190000 of 64 bytes failed: Only part of a ReadProcessMemory or WriteProcessMemory request was completed. (0x12B)
[0510/162501:WARNING:pe_image_reader.cc(280)] could not read dos header from C:\WINDOWS\system32\WINNSI.DLL
[0510/162501:ERROR:process_reader_win.cc(232)] ReadMemory at 0x741a0000 of 64 bytes failed: Only part of a ReadProcessMemory or WriteProcessMemory request was completed. (0x12B)
[0510/162501:WARNING:pe_image_reader.cc(280)] could not read dos header from C:\WINDOWS\system32\IPHLPAPI.DLL
[0510/162501:ERROR:process_reader_win.cc(232)] ReadMemory at 0x74180000 of 64 bytes failed: Only part of a ReadProcessMemory or WriteProcessMemory request was completed. (0x12B)
[0510/162501:WARNING:pe_image_reader.cc(280)] could not read dos header from C:\WINDOWS\system32\dhcpcsvc6.DLL
[0510/162501:ERROR:process_reader_win.cc(232)] ReadMemory at 0x74160000 of 64 bytes failed: Only part of a ReadProcessMemory or WriteProcessMemory request was completed. (0x12B)
[0510/162501:WARNING:pe_image_reader.cc(280)] could not read dos header from C:\WINDOWS\system32\dhcpcsvc.DLL
[0510/162501:ERROR:process_reader_win.cc(232)] ReadMemory at 0x68b00000 of 64 bytes failed: Only part of a ReadProcessMemory or WriteProcessMemory request was completed. (0x12B)
[0510/162501:WARNING:pe_image_reader.cc(280)] could not read dos header from C:\WINDOWS\system32\dwmapi.dll
[0510/162501:ERROR:process_reader_win.cc(232)] ReadMemory at 0x71ae0000 of 64 bytes failed: Only part of a ReadProcessMemory or WriteProcessMemory request was completed. (0x12B)
[0510/162501:WARNING:pe_image_reader.cc(280)] could not read dos header from C:\WINDOWS\system32\PROPSYS.dll
[0510/162501:ERROR:process_reader_win.cc(232)] ReadMemory at 0x5f8e0000 of 64 bytes failed: Only part of a ReadProcessMemory or WriteProcessMemory request was completed. (0x12B)
[0510/162501:WARNING:pe_image_reader.cc(280)] could not read dos header from C:\WINDOWS\system32\MMDevAPI.DLL
[0510/162501:ERROR:process_reader_win.cc(232)] ReadMemory at 0x5f790000 of 64 bytes failed: Only part of a ReadProcessMemory or WriteProcessMemory request was completed. (0x12B)
[0510/162501:WARNING:pe_image_reader.cc(280)] could not read dos header from C:\WINDOWS\system32\audioses.dll
[0510/162501:ERROR:process_reader_win.cc(232)] ReadMemory at 0x74d00000 of 64 bytes failed: Only part of a ReadProcessMemory or WriteProcessMemory request was completed. (0x12B)
[0510/162501:WARNING:pe_image_reader.cc(280)] could not read dos header from C:\WINDOWS\syswow64\CLBCatQ.DLL
[0510/162501:ERROR:process_reader_win.cc(232)] ReadMemory at 0x761b0000 of 64 bytes failed: Only part of a ReadProcessMemory or WriteProcessMemory request was completed. (0x12B)
[0510/162501:WARNING:pe_image_reader.cc(280)] could not read dos header from C:\WINDOWS\syswow64\CFGMGR32.dll
[0510/162501:ERROR:process_reader_win.cc(232)] ReadMemory at 0x76320000 of 64 bytes failed: Only part of a ReadProcessMemory or WriteProcessMemory request was completed. (0x12B)
[0510/162501:WARNING:pe_image_reader.cc(280)] could not read dos header from C:\WINDOWS\syswow64\DEVOBJ.dll
[0510/162501:ERROR:process_reader_win.cc(232)] ReadMemory at 0x74eb0000 of 64 bytes failed: Only part of a ReadProcessMemory or WriteProcessMemory request was completed. (0x12B)
[0510/162501:WARNING:pe_image_reader.cc(280)] could not read dos header from C:\WINDOWS\syswow64\SETUPAPI.dll
[0510/162501:ERROR:process_reader_win.cc(232)] ReadMemory at 0x73f80000 of 64 bytes failed: Only part of a ReadProcessMemory or WriteProcessMemory request was completed. (0x12B)
[0510/162501:WARNING:pe_image_reader.cc(280)] could not read dos header from C:\WINDOWS\system32\GPAPI.dll
[0510/162501:ERROR:process_reader_win.cc(232)] ReadMemory at 0x62420000 of 64 bytes failed: Only part of a ReadProcessMemory or WriteProcessMemory request was completed. (0x12B)
[0510/162501:WARNING:pe_image_reader.cc(280)] could not read dos header from C:\WINDOWS\system32\wlanutil.dll
[0510/162501:ERROR:process_reader_win.cc(232)] ReadMemory at 0x5f960000 of 64 bytes failed: Only part of a ReadProcessMemory or WriteProcessMemory request was completed. (0x12B)
[0510/162501:WARNING:pe_image_reader.cc(280)] could not read dos header from C:\WINDOWS\system32\wlanapi.dll
[0510/162501:ERROR:process_reader_win.cc(232)] ReadMemory at 0x73c70000 of 64 bytes failed: Only part of a ReadProcessMemory or WriteProcessMemory request was completed. (0x12B)
[0510/162501:WARNING:pe_image_reader.cc(280)] could not read dos header from C:\WINDOWS\system32\logoncli.dll
[0510/162501:ERROR:process_reader_win.cc(232)] ReadMemory at 0x624a0000 of 64 bytes failed: Only part of a ReadProcessMemory or WriteProcessMemory request was completed. (0x12B)
[0510/162501:WARNING:pe_image_reader.cc(280)] could not read dos header from C:\WINDOWS\System32\wevtapi.dll
[0510/162501:ERROR:process_reader_win.cc(232)] ReadMemory at 0x72480000 of 64 bytes failed: Only part of a ReadProcessMemory or WriteProcessMemory request was completed. (0x12B)
[0510/162501:WARNING:pe_image_reader.cc(280)] could not read dos header from C:\WINDOWS\System32\Wpc.dll
[0510/162501:ERROR:process_reader_win.cc(232)] ReadMemory at 0x73460000 of 64 bytes failed: Only part of a ReadProcessMemory or WriteProcessMemory request was completed. (0x12B)
[0510/162501:WARNING:pe_image_reader.cc(280)] could not read dos header from C:\WINDOWS\system32\SAMLIB.dll
[0510/162501:ERROR:process_reader_win.cc(232)] ReadMemory at 0x74400000 of 64 bytes failed: Only part of a ReadProcessMemory or WriteProcessMemory request was completed. (0x12B)
[0510/162501:WARNING:pe_image_reader.cc(280)] could not read dos header from C:\WINDOWS\system32\mswsock.dll
[0510/162501:ERROR:process_reader_win.cc(232)] ReadMemory at 0x741c0000 of 64 bytes failed: Only part of a ReadProcessMemory or WriteProcessMemory request was completed. (0x12B)
[0510/162501:WARNING:pe_image_reader.cc(280)] could not read dos header from C:\WINDOWS\System32\wship6.dll
[0510/162501:ERROR:process_reader_win.cc(232)] ReadMemory at 0x71f80000 of 64 bytes failed: Only part of a ReadProcessMemory or WriteProcessMemory request was completed. (0x12B)
[0510/162501:WARNING:pe_image_reader.cc(280)] could not read dos header from C:\WINDOWS\system32\rasadhlp.dll
[0510/162501:ERROR:process_reader_win.cc(232)] ReadMemory at 0x6b050000 of 64 bytes failed: Only part of a ReadProcessMemory or WriteProcessMemory request was completed. (0x12B)
[0510/162501:WARNING:pe_image_reader.cc(280)] could not read dos header from C:\WINDOWS\system32\credssp.dll
[0510/162501:ERROR:process_reader_win.cc(232)] ReadMemory at 0x73db0000 of 64 bytes failed: Only part of a ReadProcessMemory or WriteProcessMemory request was completed. (0x12B)
[0510/162501:WARNING:pe_image_reader.cc(280)] could not read dos header from C:\WINDOWS\system32\DNSAPI.dll
[0510/162501:ERROR:process_reader_win.cc(232)] ReadMemory at 0x71f90000 of 64 bytes failed: Only part of a ReadProcessMemory or WriteProcessMemory request was completed. (0x12B)
[0510/162501:WARNING:pe_image_reader.cc(280)] could not read dos header from C:\Program Files (x86)\Bonjour\mdnsNSP.dll
[0510/162501:ERROR:process_reader_win.cc(232)] ReadMemory at 0x73ee0000 of 64 bytes failed: Only part of a ReadProcessMemory or WriteProcessMemory request was completed. (0x12B)
[0510/162501:WARNING:pe_image_reader.cc(280)] could not read dos header from C:\WINDOWS\system32\WINSTA.dll
[0510/162501:ERROR:process_reader_win.cc(232)] ReadMemory at 0x743f0000 of 64 bytes failed: Only part of a ReadProcessMemory or WriteProcessMemory request was completed. (0x12B)
[0510/162501:WARNING:pe_image_reader.cc(280)] could not read dos header from C:\WINDOWS\System32\wshtcpip.dll
[0510/162501:ERROR:process_reader_win.cc(232)] ReadMemory at 0x55710000 of 64 bytes failed: Only part of a ReadProcessMemory or WriteProcessMemory request was completed. (0x12B)
[0510/162501:WARNING:pe_image_reader.cc(280)] could not read dos header from C:\WINDOWS\system32\DUser.dll
[0510/162501:ERROR:process_reader_win.cc(232)] ReadMemory at 0x55650000 of 64 bytes failed: Only part of a ReadProcessMemory or WriteProcessMemory request was completed. (0x12B)
[0510/162501:WARNING:pe_image_reader.cc(280)] could not read dos header from C:\WINDOWS\system32\DUI70.dll
[0510/162501:ERROR:process_reader_win.cc(232)] ReadMemory at 0x55740000 of 64 bytes failed: Only part of a ReadProcessMemory or WriteProcessMemory request was completed. (0x12B)
[0510/162501:WARNING:pe_image_reader.cc(280)] could not read dos header from C:\WINDOWS\system32\explorerframe.dll
[0510/162501:ERROR:process_reader_win.cc(232)] ReadMemory at 0x723a0000 of 64 bytes failed: Only part of a ReadProcessMemory or WriteProcessMemory request was completed. (0x12B)
[0510/162501:WARNING:pe_image_reader.cc(280)] could not read dos header from C:\WINDOWS\system32\bthprops.cpl
[0510/162501:ERROR:process_reader_win.cc(232)] ReadMemory at 0x620a0000 of 64 bytes failed: Only part of a ReadProcessMemory or WriteProcessMemory request was completed. (0x12B)
[0510/162501:WARNING:pe_image_reader.cc(280)] could not read dos header from C:\WINDOWS\system32\LINKINFO.dll
[0510/162501:ERROR:process_reader_win.cc(232)] ReadMemory at 0x74120000 of 64 bytes failed: Only part of a ReadProcessMemory or WriteProcessMemory request was completed. (0x12B)
[0510/162501:WARNING:pe_image_reader.cc(280)] could not read dos header from C:\WINDOWS\System32\fwpuclnt.dll
[0510/162501:ERROR:process_reader_win.cc(232)] ReadMemory at 0x743d0000 of 64 bytes failed: Only part of a ReadProcessMemory or WriteProcessMemory request was completed. (0x12B)
[0510/162501:WARNING:pe_image_reader.cc(280)] could not read dos header from C:\WINDOWS\system32\CRYPTSP.dll
[0510/162501:ERROR:process_reader_win.cc(232)] ReadMemory at 0x74390000 of 64 bytes failed: Only part of a ReadProcessMemory or WriteProcessMemory request was completed. (0x12B)
[0510/162501:WARNING:pe_image_reader.cc(280)] could not read dos header from C:\WINDOWS\system32\rsaenh.dll
[0510/162501:ERROR:process_reader_win.cc(232)] ReadMemory at 0x74210000 of 64 bytes failed: Only part of a ReadProcessMemory or WriteProcessMemory request was completed. (0x12B)
[0510/162501:WARNING:pe_image_reader.cc(280)] could not read dos header from C:\WINDOWS\system32\bcrypt.dll
[0510/162501:ERROR:process_reader_win.cc(232)] ReadMemory at 0x73fa0000 of 64 bytes failed: Only part of a ReadProcessMemory or WriteProcessMemory request was completed. (0x12B)
[0510/162501:WARNING:pe_image_reader.cc(280)] could not read dos header from C:\WINDOWS\system32\ncrypt.dll
[0510/162501:ERROR:process_reader_win.cc(232)] ReadMemory at 0x741d0000 of 64 bytes failed: Only part of a ReadProcessMemory or WriteProcessMemory request was completed. (0x12B)
[0510/162501:WARNING:pe_image_reader.cc(280)] could not read dos header from C:\WINDOWS\SysWOW64\bcryptprimitives.dll
[0510/162501:ERROR:process_reader_win.cc(232)] ReadMemory at 0x6f370000 of 64 bytes failed: Only part of a ReadProcessMemory or WriteProcessMemory request was completed. (0x12B)
[0510/162501:WARNING:pe_image_reader.cc(280)] could not read dos header from C:\WINDOWS\system32\cryptnet.dll
[0510/162501:ERROR:process_reader_win.cc(232)] ReadMemory at 0x715c0000 of 64 bytes failed: Only part of a ReadProcessMemory or WriteProcessMemory request was completed. (0x12B)
[0510/162501:WARNING:pe_image_reader.cc(280)] could not read dos header from C:\WINDOWS\system32\SensApi.dll
[0510/162501:ERROR:process_reader_win.cc(232)] ReadMemory at 0x6f220000 of 64 bytes failed: Only part of a ReadProcessMemory or WriteProcessMemory request was completed. (0x12B)
[0510/162501:WARNING:pe_image_reader.cc(280)] could not read dos header from C:\WINDOWS\system32\DSROLE.DLL
[0510/162501:ERROR:process_reader_win.cc(232)] ReadMemory at 0x8dc154 of 12 bytes failed: Only part of a ReadProcessMemory or WriteProcessMemory request was completed. (0x12B)
[0510/162501:WARNING:process_snapshot_win.cc(89)] ReadMemory ExceptionInformation failed
[0510/162501:WARNING:crash_report_exception_handler.cc(60)] ProcessSnapshotWin::InitializeException failed
[0510/162501:ERROR:scoped_process_suspend.cc(38)] NtResumeProcess, ntstatus=-1073741558
[0510/162635:ERROR:process_info.cc(608)] range at 0xfffde000, size 0x230 fully unreadable
[0510/162635:ERROR:process_info.cc(608)] range at 0xfffde000, size 0x230 fully unreadable
[0510/162635:ERROR:process_info.cc(608)] range at 0xfffde000, size 0x230 fully unreadable
[0510/162644:ERROR:process_info.cc(608)] range at 0xfffde000, size 0x230 fully unreadable
[0514/142754:ERROR:process_info.cc(608)] range at 0xfffde000, size 0x230 fully unreadable
[0514/142755:ERROR:process_reader_win.cc(113)] NtOpenThread: {Access Denied} A process has requested access to an object, but has not been granted those access rights.  (0xc0000022)
[0514/142755:ERROR:exception_snapshot_win.cc(56)] thread ID 6484 not found in process
[0514/142755:WARNING:crash_report_exception_handler.cc(60)] ProcessSnapshotWin::InitializeException failed
[0524/005407:ERROR:scoped_process_suspend.cc(29)] NtSuspendProcess, ntstatus=-1073741558
[0524/005407:ERROR:process_info.cc(103)] ReadProcessMemory bool __cdecl crashpad::`anonymous-namespace'::ReadStruct<struct crashpad::process_types::PEB<struct crashpad::process_types::internal::Traits32>>(void *,unsigned __int64,struct crashpad::process_types::PEB<struct crashpad::process_types::internal::Traits32> *): Only part of a ReadProcessMemory or WriteProcessMemory request was completed. (0x12B)
[0524/005407:ERROR:process_info.cc(542)] ReadProcessData failed
[0524/005407:ERROR:process_info.cc(608)] range at 0x0, size 0x230 fully unreadable
[0524/005407:ERROR:process_reader_win.cc(232)] ReadMemory at 0x0 of 560 bytes failed: Only part of a ReadProcessMemory or WriteProcessMemory request was completed. (0x12B)
[0524/005407:ERROR:process_snapshot_win.cc(342)] ReadMemory PEB
[0524/005407:ERROR:process_reader_win.cc(232)] ReadMemory at 0x77dc5120 of 5888 bytes failed: Only part of a ReadProcessMemory or WriteProcessMemory request was completed. (0x12B)
[0524/005407:ERROR:process_reader_win.cc(98)] process 6084 not found
[0524/005407:ERROR:process_reader_win.cc(232)] ReadMemory at 0x126d1b4 of 12 bytes failed: Only part of a ReadProcessMemory or WriteProcessMemory request was completed. (0x12B)
[0524/005407:WARNING:process_snapshot_win.cc(96)] ReadMemory ExceptionInformation failed
[0524/005407:WARNING:crash_report_exception_handler.cc(60)] ProcessSnapshotWin::InitializeException failed
[0524/005407:ERROR:scoped_process_suspend.cc(38)] NtResumeProcess, ntstatus=-1073741558
[0530/120224:ERROR:process_info.cc(608)] range at 0xfffde000, size 0x230 fully unreadable
[0530/120224:ERROR:process_reader_win.cc(113)] NtOpenThread: {Access Denied} A process has requested access to an object, but has not been granted those access rights.  (0xc0000022)
[0530/120224:ERROR:exception_snapshot_win.cc(57)] thread ID 9552 not found in process
[0530/120224:WARNING:crash_report_exception_handler.cc(60)] ProcessSnapshotWin::InitializeException failed
[0530/153653:ERROR:process_info.cc(608)] range at 0xfffde000, size 0x230 fully unreadable
[0530/153653:ERROR:process_reader_win.cc(113)] NtOpenThread: {Access Denied} A process has requested access to an object, but has not been granted those access rights.  (0xc0000022)
[0530/153654:ERROR:exception_snapshot_win.cc(57)] thread ID 9572 not found in process
[0530/153654:WARNING:crash_report_exception_handler.cc(60)] ProcessSnapshotWin::InitializeException failed
[0530/153933:ERROR:process_info.cc(608)] range at 0xfffde000, size 0x230 fully unreadable
[0530/153933:ERROR:process_reader_win.cc(113)] NtOpenThread: {Access Denied} A process has requested access to an object, but has not been granted those access rights.  (0xc0000022)
[0530/153933:ERROR:exception_snapshot_win.cc(57)] thread ID 11644 not found in process
[0530/153933:WARNING:crash_report_exception_handler.cc(60)] ProcessSnapshotWin::InitializeException failed
[0530/154243:ERROR:process_info.cc(608)] range at 0xfffde000, size 0x230 fully unreadable
[0530/154243:ERROR:process_reader_win.cc(113)] NtOpenThread: {Access Denied} A process has requested access to an object, but has not been granted those access rights.  (0xc0000022)
[0530/154243:ERROR:exception_snapshot_win.cc(57)] thread ID 11280 not found in process
[0530/154243:WARNING:crash_report_exception_handler.cc(60)] ProcessSnapshotWin::InitializeException failed
[0530/154624:ERROR:process_info.cc(608)] range at 0xfffde000, size 0x230 fully unreadable
[0530/154624:ERROR:process_reader_win.cc(113)] NtOpenThread: {Access Denied} A process has requested access to an object, but has not been granted those access rights.  (0xc0000022)
[0530/154624:ERROR:exception_snapshot_win.cc(57)] thread ID 6800 not found in process
[0530/154624:WARNING:crash_report_exception_handler.cc(60)] ProcessSnapshotWin::InitializeException failed
[0530/155149:ERROR:process_info.cc(608)] range at 0xfffde000, size 0x230 fully unreadable
[0530/155149:ERROR:process_reader_win.cc(113)] NtOpenThread: {Access Denied} A process has requested access to an object, but has not been granted those access rights.  (0xc0000022)
[0530/155149:ERROR:exception_snapshot_win.cc(57)] thread ID 10304 not found in process
[0530/155149:WARNING:crash_report_exception_handler.cc(60)] ProcessSnapshotWin::InitializeException failed
[0530/155251:ERROR:process_info.cc(608)] range at 0xfffde000, size 0x230 fully unreadable
[0530/155251:ERROR:process_reader_win.cc(113)] NtOpenThread: {Access Denied} A process has requested access to an object, but has not been granted those access rights.  (0xc0000022)
[0530/155251:ERROR:exception_snapshot_win.cc(57)] thread ID 12192 not found in process
[0530/155251:WARNING:crash_report_exception_handler.cc(60)] ProcessSnapshotWin::InitializeException failed
[0602/170421:ERROR:process_info.cc(608)] range at 0xfffde000, size 0x230 fully unreadable
[0602/170421:ERROR:process_reader_win.cc(113)] NtOpenThread: {Access Denied} A process has requested access to an object, but has not been granted those access rights.  (0xc0000022)
[0602/170421:ERROR:exception_snapshot_win.cc(57)] thread ID 6836 not found in process
[0602/170421:WARNING:crash_report_exception_handler.cc(60)] ProcessSnapshotWin::InitializeException failed
[0603/181933:ERROR:process_info.cc(608)] range at 0xfffde000, size 0x230 fully unreadable
[0603/181933:ERROR:process_reader_win.cc(113)] NtOpenThread: {Access Denied} A process has requested access to an object, but has not been granted those access rights.  (0xc0000022)
[0603/181933:ERROR:exception_snapshot_win.cc(57)] thread ID 9724 not found in process
[0603/181933:WARNING:crash_report_exception_handler.cc(60)] ProcessSnapshotWin::InitializeException failed
[0606/122444:ERROR:process_info.cc(608)] range at 0xfffde000, size 0x230 fully unreadable
[0606/122444:ERROR:process_reader_win.cc(113)] NtOpenThread: {Access Denied} A process has requested access to an object, but has not been granted those access rights.  (0xc0000022)
[0606/122444:ERROR:exception_snapshot_win.cc(57)] thread ID 6756 not found in process
[0606/122444:WARNING:crash_report_exception_handler.cc(60)] ProcessSnapshotWin::InitializeException failed
[0607/172036:ERROR:process_info.cc(608)] range at 0xfffde000, size 0x230 fully unreadable
[0607/172036:ERROR:process_reader_win.cc(113)] NtOpenThread: {Access Denied} A process has requested access to an object, but has not been granted those access rights.  (0xc0000022)
[0607/172036:ERROR:exception_snapshot_win.cc(57)] thread ID 3048 not found in process
[0607/172036:WARNING:crash_report_exception_handler.cc(60)] ProcessSnapshotWin::InitializeException failed
[0607/173141:ERROR:process_info.cc(608)] range at 0xfffde000, size 0x230 fully unreadable
[0607/173141:ERROR:process_reader_win.cc(113)] NtOpenThread: {Access Denied} A process has requested access to an object, but has not been granted those access rights.  (0xc0000022)
[0607/173141:ERROR:exception_snapshot_win.cc(57)] thread ID 7072 not found in process
[0607/173141:WARNING:crash_report_exception_handler.cc(60)] ProcessSnapshotWin::InitializeException failed
[0607/173441:ERROR:process_info.cc(608)] range at 0xfffde000, size 0x230 fully unreadable
[0607/173441:ERROR:process_reader_win.cc(113)] NtOpenThread: {Access Denied} A process has requested access to an object, but has not been granted those access rights.  (0xc0000022)
[0607/173441:ERROR:exception_snapshot_win.cc(57)] thread ID 5180 not found in process
[0607/173441:WARNING:crash_report_exception_handler.cc(60)] ProcessSnapshotWin::InitializeException failed
[0609/114607:ERROR:process_info.cc(608)] range at 0xfffde000, size 0x230 fully unreadable
[0609/114607:ERROR:process_reader_win.cc(113)] NtOpenThread: {Access Denied} A process has requested access to an object, but has not been granted those access rights.  (0xc0000022)
[0609/114607:ERROR:exception_snapshot_win.cc(57)] thread ID 7408 not found in process
[0609/114607:WARNING:crash_report_exception_handler.cc(60)] ProcessSnapshotWin::InitializeException failed
[0609/121509:ERROR:scoped_process_suspend.cc(29)] NtSuspendProcess, ntstatus=-1073741558
[0609/121509:ERROR:process_info.cc(103)] ReadProcessMemory bool __cdecl crashpad::`anonymous-namespace'::ReadStruct<struct crashpad::process_types::PEB<struct crashpad::process_types::internal::Traits32>>(void *,unsigned __int64,struct crashpad::process_types::PEB<struct crashpad::process_types::internal::Traits32> *): Only part of a ReadProcessMemory or WriteProcessMemory request was completed. (0x12B)
[0609/121509:ERROR:process_info.cc(542)] ReadProcessData failed
[0609/121509:ERROR:process_info.cc(608)] range at 0x0, size 0x230 fully unreadable
[0609/121509:ERROR:process_reader_win.cc(232)] ReadMemory at 0x0 of 560 bytes failed: Only part of a ReadProcessMemory or WriteProcessMemory request was completed. (0x12B)
[0609/121509:ERROR:process_snapshot_win.cc(349)] ReadMemory PEB
[0609/121509:ERROR:process_reader_win.cc(232)] ReadMemory at 0x77325120 of 5888 bytes failed: Only part of a ReadProcessMemory or WriteProcessMemory request was completed. (0x12B)
[0609/121509:ERROR:process_reader_win.cc(98)] process 7456 not found
[0609/121509:ERROR:process_reader_win.cc(232)] ReadMemory at 0xffc374 of 12 bytes failed: Only part of a ReadProcessMemory or WriteProcessMemory request was completed. (0x12B)
[0609/121509:WARNING:process_snapshot_win.cc(102)] ReadMemory ExceptionInformation failed
[0609/121509:WARNING:crash_report_exception_handler.cc(60)] ProcessSnapshotWin::InitializeException failed
[0609/121509:ERROR:scoped_process_suspend.cc(38)] NtResumeProcess, ntstatus=-1073741558
[0613/195028:ERROR:process_info.cc(608)] range at 0xfffde000, size 0x230 fully unreadable
[0613/195028:ERROR:process_reader_win.cc(141)] SuspendThread: Access is denied. (0x5)
[0613/195028:ERROR:exception_snapshot_win.cc(57)] thread ID 6956 not found in process
[0613/195028:WARNING:crash_report_exception_handler.cc(60)] ProcessSnapshotWin::InitializeException failed
[0614/171413:ERROR:process_info.cc(608)] range at 0xfffde000, size 0x230 fully unreadable
[0614/171413:ERROR:process_reader_win.cc(113)] NtOpenThread: {Access Denied} A process has requested access to an object, but has not been granted those access rights.  (0xc0000022)
[0614/171413:ERROR:exception_snapshot_win.cc(57)] thread ID 7192 not found in process
[0614/171413:WARNING:crash_report_exception_handler.cc(60)] ProcessSnapshotWin::InitializeException failed
[0614/172921:ERROR:process_info.cc(608)] range at 0xfffde000, size 0x230 fully unreadable
[0614/172921:ERROR:process_reader_win.cc(113)] NtOpenThread: {Access Denied} A process has requested access to an object, but has not been granted those access rights.  (0xc0000022)
[0614/172921:ERROR:exception_snapshot_win.cc(57)] thread ID 4604 not found in process
[0614/172921:WARNING:crash_report_exception_handler.cc(60)] ProcessSnapshotWin::InitializeException failed
[0616/142010:ERROR:process_info.cc(608)] range at 0xfffde000, size 0x230 fully unreadable
[0616/142010:ERROR:process_reader_win.cc(113)] NtOpenThread: {Access Denied} A process has requested access to an object, but has not been granted those access rights.  (0xc0000022)
[0616/142010:ERROR:exception_snapshot_win.cc(57)] thread ID 7660 not found in process
[0616/142010:WARNING:crash_report_exception_handler.cc(60)] ProcessSnapshotWin::InitializeException failed
[0616/155317:ERROR:process_info.cc(608)] range at 0xfffde000, size 0x230 fully unreadable
[0616/155317:ERROR:process_reader_win.cc(113)] NtOpenThread: {Access Denied} A process has requested access to an object, but has not been granted those access rights.  (0xc0000022)
[0616/155317:ERROR:exception_snapshot_win.cc(57)] thread ID 10424 not found in process
[0616/155317:WARNING:crash_report_exception_handler.cc(60)] ProcessSnapshotWin::InitializeException failed
[0616/175152:ERROR:process_info.cc(608)] range at 0xfffde000, size 0x230 fully unreadable
[0616/175152:ERROR:process_reader_win.cc(141)] SuspendThread: Access is denied. (0x5)
[0616/175152:ERROR:exception_snapshot_win.cc(57)] thread ID 10024 not found in process
[0616/175152:WARNING:crash_report_exception_handler.cc(60)] ProcessSnapshotWin::InitializeException failed
[0617/052622:ERROR:process_info.cc(608)] range at 0xfffde000, size 0x230 fully unreadable
[0617/052622:ERROR:process_reader_win.cc(141)] SuspendThread: Access is denied. (0x5)
[0617/052622:ERROR:exception_snapshot_win.cc(57)] thread ID 4092 not found in process
[0617/052622:WARNING:crash_report_exception_handler.cc(60)] ProcessSnapshotWin::InitializeException failed
[0617/085408:ERROR:process_info.cc(608)] range at 0xfffde000, size 0x230 fully unreadable
[0617/085408:ERROR:process_reader_win.cc(113)] NtOpenThread: {Access Denied} A process has requested access to an object, but has not been granted those access rights.  (0xc0000022)
[0617/085408:ERROR:exception_snapshot_win.cc(57)] thread ID 7252 not found in process
[0617/085408:WARNING:crash_report_exception_handler.cc(60)] ProcessSnapshotWin::InitializeException failed
[0617/092711:ERROR:process_info.cc(608)] range at 0xfffde000, size 0x230 fully unreadable
[0617/092711:ERROR:process_reader_win.cc(141)] SuspendThread: Access is denied. (0x5)
[0617/092711:ERROR:exception_snapshot_win.cc(57)] thread ID 1912 not found in process
[0617/092711:WARNING:crash_report_exception_handler.cc(60)] ProcessSnapshotWin::InitializeException failed
[0617/102535:ERROR:process_info.cc(608)] range at 0xfffde000, size 0x230 fully unreadable
[0617/102535:ERROR:process_reader_win.cc(141)] SuspendThread: Access is denied. (0x5)
[0617/102535:ERROR:exception_snapshot_win.cc(57)] thread ID 3976 not found in process
[0617/102535:WARNING:crash_report_exception_handler.cc(60)] ProcessSnapshotWin::InitializeException failed
[0620/215218:ERROR:process_info.cc(608)] range at 0xfffde000, size 0x230 fully unreadable
[0620/215218:ERROR:process_reader_win.cc(113)] NtOpenThread: {Access Denied} A process has requested access to an object, but has not been granted those access rights.  (0xc0000022)
[0620/215218:ERROR:exception_snapshot_win.cc(57)] thread ID 2856 not found in process
[0620/215218:WARNING:crash_report_exception_handler.cc(60)] ProcessSnapshotWin::InitializeException failed
[0621/010332:ERROR:process_info.cc(608)] range at 0xfffde000, size 0x230 fully unreadable
[0621/010332:ERROR:process_reader_win.cc(141)] SuspendThread: Access is denied. (0x5)
[0621/010332:ERROR:exception_snapshot_win.cc(57)] thread ID 8092 not found in process
[0621/010332:WARNING:crash_report_exception_handler.cc(60)] ProcessSnapshotWin::InitializeException failed
[0621/063550:ERROR:process_info.cc(608)] range at 0xfffde000, size 0x230 fully unreadable
[0621/063550:ERROR:process_reader_win.cc(141)] SuspendThread: Access is denied. (0x5)
[0621/063550:ERROR:exception_snapshot_win.cc(57)] thread ID 1076 not found in process
[0621/063550:WARNING:crash_report_exception_handler.cc(60)] ProcessSnapshotWin::InitializeException failed
[0621/085530:ERROR:process_info.cc(608)] range at 0xfffde000, size 0x230 fully unreadable
[0621/085530:ERROR:process_reader_win.cc(113)] NtOpenThread: {Access Denied} A process has requested access to an object, but has not been granted those access rights.  (0xc0000022)
[0621/085530:ERROR:exception_snapshot_win.cc(57)] thread ID 8868 not found in process
[0621/085530:WARNING:crash_report_exception_handler.cc(60)] ProcessSnapshotWin::InitializeException failed
[0621/140106:ERROR:process_info.cc(608)] range at 0xfffde000, size 0x230 fully unreadable
[0621/140106:ERROR:process_reader_win.cc(113)] NtOpenThread: {Access Denied} A process has requested access to an object, but has not been granted those access rights.  (0xc0000022)
[0621/140106:ERROR:exception_snapshot_win.cc(57)] thread ID 5672 not found in process
[0621/140106:WARNING:crash_report_exception_handler.cc(60)] ProcessSnapshotWin::InitializeException failed
[0623/015531:ERROR:process_info.cc(608)] range at 0xfffde000, size 0x230 fully unreadable
[0623/015531:ERROR:process_reader_win.cc(113)] NtOpenThread: {Access Denied} A process has requested access to an object, but has not been granted those access rights.  (0xc0000022)
[0623/015531:ERROR:exception_snapshot_win.cc(57)] thread ID 1808 not found in process
[0623/015531:WARNING:crash_report_exception_handler.cc(60)] ProcessSnapshotWin::InitializeException failed
[0623/064518:ERROR:process_info.cc(608)] range at 0xfffde000, size 0x230 fully unreadable
[0623/064518:ERROR:process_reader_win.cc(113)] NtOpenThread: {Access Denied} A process has requested access to an object, but has not been granted those access rights.  (0xc0000022)
[0623/064518:ERROR:exception_snapshot_win.cc(57)] thread ID 7276 not found in process
[0623/064518:WARNING:crash_report_exception_handler.cc(60)] ProcessSnapshotWin::InitializeException failed
[0623/103015:ERROR:process_info.cc(608)] range at 0xfffde000, size 0x230 fully unreadable
[0623/103016:ERROR:process_reader_win.cc(113)] NtOpenThread: {Access Denied} A process has requested access to an object, but has not been granted those access rights.  (0xc0000022)
[0623/103016:ERROR:exception_snapshot_win.cc(57)] thread ID 9700 not found in process
[0623/103016:WARNING:crash_report_exception_handler.cc(60)] ProcessSnapshotWin::InitializeException failed
[0623/112346:ERROR:process_info.cc(608)] range at 0xfffde000, size 0x230 fully unreadable
[0623/112346:ERROR:process_reader_win.cc(141)] SuspendThread: Access is denied. (0x5)
[0623/112346:ERROR:exception_snapshot_win.cc(57)] thread ID 476 not found in process
[0623/112346:WARNING:crash_report_exception_handler.cc(60)] ProcessSnapshotWin::InitializeException failed
[0624/210655:ERROR:process_info.cc(608)] range at 0xfffde000, size 0x230 fully unreadable
[0624/210655:ERROR:process_reader_win.cc(141)] SuspendThread: Access is denied. (0x5)
[0624/210655:ERROR:exception_snapshot_win.cc(57)] thread ID 6732 not found in process
[0624/210655:WARNING:crash_report_exception_handler.cc(60)] ProcessSnapshotWin::InitializeException failed
[0624/223434:ERROR:process_info.cc(608)] range at 0xfffde000, size 0x230 fully unreadable
[0624/223434:ERROR:process_reader_win.cc(141)] SuspendThread: Access is denied. (0x5)
[0624/223434:ERROR:exception_snapshot_win.cc(57)] thread ID 5860 not found in process
[0624/223434:WARNING:crash_report_exception_handler.cc(60)] ProcessSnapshotWin::InitializeException failed
[0627/174108:ERROR:process_info.cc(608)] range at 0xfffde000, size 0x230 fully unreadable
[0627/174108:ERROR:process_reader_win.cc(113)] NtOpenThread: {Access Denied} A process has requested access to an object, but has not been granted those access rights.  (0xc0000022)
[0627/174108:ERROR:exception_snapshot_win.cc(57)] thread ID 6180 not found in process
[0627/174108:WARNING:crash_report_exception_handler.cc(60)] ProcessSnapshotWin::InitializeException failed
[0705/170208:ERROR:process_info.cc(608)] range at 0xfffde000, size 0x230 fully unreadable
[0705/170208:ERROR:process_info.cc(608)] range at 0xfffdd000, size 0xf84 fully unreadable
[0705/170208:ERROR:process_info.cc(608)] range at 0xfffda000, size 0xf84 fully unreadable
[0705/170208:ERROR:process_info.cc(608)] range at 0xfffd7000, size 0xf84 fully unreadable
[0705/170208:ERROR:process_info.cc(608)] range at 0xfffaf000, size 0xf84 fully unreadable
[0705/170208:ERROR:process_info.cc(608)] range at 0xfffac000, size 0xf84 fully unreadable
[0705/170208:ERROR:process_info.cc(608)] range at 0xfffa9000, size 0xf84 fully unreadable
[0705/170208:ERROR:process_info.cc(608)] range at 0xfffa6000, size 0xf84 fully unreadable
[0705/170208:ERROR:process_info.cc(608)] range at 0xfffa3000, size 0xf84 fully unreadable
[0705/170208:ERROR:process_info.cc(608)] range at 0xfffa0000, size 0xf84 fully unreadable
[0705/170208:ERROR:process_info.cc(608)] range at 0xfff9d000, size 0xf84 fully unreadable
[0705/170208:ERROR:process_info.cc(608)] range at 0xfff9a000, size 0xf84 fully unreadable
[0705/170208:ERROR:process_info.cc(608)] range at 0xfff97000, size 0xf84 fully unreadable
[0705/170208:ERROR:process_info.cc(608)] range at 0xfff94000, size 0xf84 fully unreadable
[0908/143902:ERROR:process_info.cc(608)] range at 0xfe8c3000, size 0x230 fully unreadable
[0908/143902:ERROR:process_reader_win.cc(114)] NtOpenThread: {Access Denied} A process has requested access to an object, but has not been granted those access rights.  (0xc0000022)
[0908/143902:ERROR:exception_snapshot_win.cc(88)] thread ID 20092 not found in process
[0908/143902:WARNING:crash_report_exception_handler.cc(60)] ProcessSnapshotWin::InitializeException failed
[0914/082610:ERROR:process_info.cc(608)] range at 0xff1da000, size 0x230 fully unreadable
[0914/082610:ERROR:process_reader_win.cc(114)] NtOpenThread: {Access Denied} A process has requested access to an object, but has not been granted those access rights.  (0xc0000022)
[0914/082610:ERROR:exception_snapshot_win.cc(88)] thread ID 16380 not found in process
[0914/082610:WARNING:crash_report_exception_handler.cc(60)] ProcessSnapshotWin::InitializeException failed
[0914/182054:ERROR:process_info.cc(608)] range at 0xfeece000, size 0x230 fully unreadable
[0914/182054:ERROR:process_reader_win.cc(114)] NtOpenThread: {Access Denied} A process has requested access to an object, but has not been granted those access rights.  (0xc0000022)
[0914/182054:ERROR:exception_snapshot_win.cc(88)] thread ID 11968 not found in process
[0914/182054:WARNING:crash_report_exception_handler.cc(60)] ProcessSnapshotWin::InitializeException failed
[0915/223313:ERROR:process_info.cc(608)] range at 0xfef23000, size 0x230 fully unreadable
[0915/223313:ERROR:process_reader_win.cc(114)] NtOpenThread: {Access Denied} A process has requested access to an object, but has not been granted those access rights.  (0xc0000022)
[0915/223313:ERROR:exception_snapshot_win.cc(88)] thread ID 19056 not found in process
[0915/223313:WARNING:crash_report_exception_handler.cc(60)] ProcessSnapshotWin::InitializeException failed
[0922/164943:ERROR:process_reader_win.cc(114)] NtOpenThread: {Access Denied} A process has requested access to an object, but has not been granted those access rights.  (0xc0000022)
[0922/164943:ERROR:exception_snapshot_win.cc(87)] thread ID 14876 not found in process
[0922/164943:WARNING:crash_report_exception_handler.cc(56)] ProcessSnapshotWin::Initialize failed
[1007/154105:ERROR:process_reader_win.cc(114)] NtOpenThread: {Access Denied} A process has requested access to an object, but has not been granted those access rights.  (0xc0000022)
[1007/154105:ERROR:exception_snapshot_win.cc(87)] thread ID 6672 not found in process
[1007/154105:WARNING:crash_report_exception_handler.cc(56)] ProcessSnapshotWin::Initialize failed
[1007/154416:ERROR:process_reader_win.cc(114)] NtOpenThread: {Access Denied} A process has requested access to an object, but has not been granted those access rights.  (0xc0000022)
[1007/154416:ERROR:exception_snapshot_win.cc(87)] thread ID 8656 not found in process
[1007/154416:WARNING:crash_report_exception_handler.cc(56)] ProcessSnapshotWin::Initialize failed
[1010/160002:ERROR:process_reader_win.cc(114)] NtOpenThread: {Access Denied} A process has requested access to an object, but has not been granted those access rights.  (0xc0000022)
[1010/160002:ERROR:exception_snapshot_win.cc(87)] thread ID 7276 not found in process
[1010/160002:WARNING:crash_report_exception_handler.cc(56)] ProcessSnapshotWin::Initialize failed
[1025/174257:ERROR:process_reader_win.cc(114)] NtOpenThread: {Access Denied} A process has requested access to an object, but has not been granted those access rights.  (0xc0000022)
[1025/174257:ERROR:exception_snapshot_win.cc(87)] thread ID 66724 not found in process
[1025/174257:WARNING:crash_report_exception_handler.cc(56)] ProcessSnapshotWin::Initialize failed
[1107/175348:ERROR:process_reader_win.cc(114)] NtOpenThread: {Access Denied} A process has requested access to an object, but has not been granted those access rights.  (0xc0000022)
[1107/175348:ERROR:exception_snapshot_win.cc(87)] thread ID 24396 not found in process
[1107/175348:WARNING:crash_report_exception_handler.cc(56)] ProcessSnapshotWin::Initialize failed
[1108/113347:ERROR:process_reader_win.cc(114)] NtOpenThread: {Access Denied} A process has requested access to an object, but has not been granted those access rights.  (0xc0000022)
[1108/113347:ERROR:exception_snapshot_win.cc(87)] thread ID 23120 not found in process
[1108/113347:WARNING:crash_report_exception_handler.cc(56)] ProcessSnapshotWin::Initialize failed
[1108/115238:ERROR:process_reader_win.cc(114)] NtOpenThread: {Access Denied} A process has requested access to an object, but has not been granted those access rights.  (0xc0000022)
[1108/115238:ERROR:exception_snapshot_win.cc(87)] thread ID 20628 not found in process
[1108/115238:WARNING:crash_report_exception_handler.cc(56)] ProcessSnapshotWin::Initialize failed
[1108/115410:ERROR:process_reader_win.cc(114)] NtOpenThread: {Access Denied} A process has requested access to an object, but has not been granted those access rights.  (0xc0000022)
[1108/115410:ERROR:exception_snapshot_win.cc(87)] thread ID 11920 not found in process
[1108/115410:WARNING:crash_report_exception_handler.cc(56)] ProcessSnapshotWin::Initialize failed
[1108/115611:ERROR:process_reader_win.cc(114)] NtOpenThread: {Access Denied} A process has requested access to an object, but has not been granted those access rights.  (0xc0000022)
[1108/115611:ERROR:exception_snapshot_win.cc(87)] thread ID 25116 not found in process
[1108/115611:WARNING:crash_report_exception_handler.cc(56)] ProcessSnapshotWin::Initialize failed
[1108/115731:ERROR:process_reader_win.cc(114)] NtOpenThread: {Access Denied} A process has requested access to an object, but has not been granted those access rights.  (0xc0000022)
[1108/115731:ERROR:exception_snapshot_win.cc(87)] thread ID 13344 not found in process
[1108/115731:WARNING:crash_report_exception_handler.cc(56)] ProcessSnapshotWin::Initialize failed
[1108/120020:ERROR:process_reader_win.cc(114)] NtOpenThread: {Access Denied} A process has requested access to an object, but has not been granted those access rights.  (0xc0000022)
[1108/120020:ERROR:exception_snapshot_win.cc(87)] thread ID 21028 not found in process
[1108/120020:WARNING:crash_report_exception_handler.cc(56)] ProcessSnapshotWin::Initialize failed
[1108/132521:ERROR:process_reader_win.cc(114)] NtOpenThread: {Access Denied} A process has requested access to an object, but has not been granted those access rights.  (0xc0000022)
[1108/132521:ERROR:exception_snapshot_win.cc(87)] thread ID 6460 not found in process
[1108/132521:WARNING:crash_report_exception_handler.cc(56)] ProcessSnapshotWin::Initialize failed
[1108/132629:ERROR:process_reader_win.cc(114)] NtOpenThread: {Access Denied} A process has requested access to an object, but has not been granted those access rights.  (0xc0000022)
[1108/132629:ERROR:exception_snapshot_win.cc(87)] thread ID 19936 not found in process
[1108/132629:WARNING:crash_report_exception_handler.cc(56)] ProcessSnapshotWin::Initialize failed
[1108/132815:ERROR:process_reader_win.cc(114)] NtOpenThread: {Access Denied} A process has requested access to an object, but has not been granted those access rights.  (0xc0000022)
[1108/132815:ERROR:exception_snapshot_win.cc(87)] thread ID 27752 not found in process
[1108/132815:WARNING:crash_report_exception_handler.cc(56)] ProcessSnapshotWin::Initialize failed
[1108/134251:ERROR:process_reader_win.cc(114)] NtOpenThread: {Access Denied} A process has requested access to an object, but has not been granted those access rights.  (0xc0000022)
[1108/134251:ERROR:exception_snapshot_win.cc(87)] thread ID 27724 not found in process
[1108/134251:WARNING:crash_report_exception_handler.cc(56)] ProcessSnapshotWin::Initialize failed
[1118/151612:ERROR:process_reader_win.cc(114)] NtOpenThread: {Access Denied} A process has requested access to an object, but has not been granted those access rights.  (0xc0000022)
[1118/151612:ERROR:exception_snapshot_win.cc(87)] thread ID 26044 not found in process
[1118/151612:WARNING:crash_report_exception_handler.cc(56)] ProcessSnapshotWin::Initialize failed
[1118/152209:ERROR:process_reader_win.cc(114)] NtOpenThread: {Access Denied} A process has requested access to an object, but has not been granted those access rights.  (0xc0000022)
[1118/152209:ERROR:exception_snapshot_win.cc(87)] thread ID 35332 not found in process
[1118/152209:WARNING:crash_report_exception_handler.cc(56)] ProcessSnapshotWin::Initialize failed
[1118/152658:ERROR:process_reader_win.cc(114)] NtOpenThread: {Access Denied} A process has requested access to an object, but has not been granted those access rights.  (0xc0000022)
[1118/152658:ERROR:exception_snapshot_win.cc(87)] thread ID 3320 not found in process
[1118/152658:WARNING:crash_report_exception_handler.cc(56)] ProcessSnapshotWin::Initialize failed
[1118/153154:ERROR:process_reader_win.cc(114)] NtOpenThread: {Access Denied} A process has requested access to an object, but has not been granted those access rights.  (0xc0000022)
[1118/153154:ERROR:exception_snapshot_win.cc(87)] thread ID 37056 not found in process
[1118/153154:WARNING:crash_report_exception_handler.cc(56)] ProcessSnapshotWin::Initialize failed
[1118/172248:ERROR:process_reader_win.cc(114)] NtOpenThread: {Access Denied} A process has requested access to an object, but has not been granted those access rights.  (0xc0000022)
[1118/172248:ERROR:exception_snapshot_win.cc(87)] thread ID 42184 not found in process
[1118/172248:WARNING:crash_report_exception_handler.cc(56)] ProcessSnapshotWin::Initialize failed
[1123/145614:ERROR:process_reader_win.cc(114)] NtOpenThread: {Access Denied} A process has requested access to an object, but has not been granted those access rights.  (0xc0000022)
[1123/145614:ERROR:exception_snapshot_win.cc(87)] thread ID 8004 not found in process
[1123/145614:WARNING:crash_report_exception_handler.cc(56)] ProcessSnapshotWin::Initialize failed
[1123/185820:ERROR:process_reader_win.cc(114)] NtOpenThread: {Access Denied} A process has requested access to an object, but has not been granted those access rights.  (0xc0000022)
[1123/185820:ERROR:exception_snapshot_win.cc(87)] thread ID 5460 not found in process
[1123/185820:WARNING:crash_report_exception_handler.cc(56)] ProcessSnapshotWin::Initialize failed
[0202/165638:ERROR:exception_handler_server.cc(552)] ConnectNamedPipe: The pipe is being closed. (0xE8)
[0202/165639:ERROR:exception_handler_server.cc(552)] ConnectNamedPipe: The pipe is being closed. (0xE8)
[0202/165639:ERROR:file_io.cc(41)] write: The pipe is being closed. (0xE8)
[0210/153153.944:ERROR:exception_handler_server.cc(524)] ConnectNamedPipe: The pipe is being closed. (0xE8)
[0210/153154.057:ERROR:exception_handler_server.cc(524)] ConnectNamedPipe: The pipe is being closed. (0xE8)
[0210/153155.934:ERROR:exception_handler_server.cc(524)] ConnectNamedPipe: The pipe is being closed. (0xE8)
